{"meta": {"format": 3, "version": "7.10.6", "timestamp": "2025-09-22T14:42:44.980567", "branch_coverage": false, "show_contexts": false}, "files": {"aevum/__init__.py": {"executed_lines": [0], "summary": {"covered_lines": 0, "num_statements": 0, "percent_covered": 100.0, "percent_covered_display": "100", "missing_lines": 0, "excluded_lines": 0}, "missing_lines": [], "excluded_lines": [], "functions": {"": {"executed_lines": [], "summary": {"covered_lines": 0, "num_statements": 0, "percent_covered": 100.0, "percent_covered_display": "100", "missing_lines": 0, "excluded_lines": 0}, "missing_lines": [], "excluded_lines": []}}, "classes": {"": {"executed_lines": [], "summary": {"covered_lines": 0, "num_statements": 0, "percent_covered": 100.0, "percent_covered_display": "100", "missing_lines": 0, "excluded_lines": 0}, "missing_lines": [], "excluded_lines": []}}}, "aevum/asgi.py": {"executed_lines": [], "summary": {"covered_lines": 0, "num_statements": 4, "percent_covered": 0.0, "percent_covered_display": "0", "missing_lines": 4, "excluded_lines": 0}, "missing_lines": [10, 12, 14, 16], "excluded_lines": [], "functions": {"": {"executed_lines": [], "summary": {"covered_lines": 0, "num_statements": 4, "percent_covered": 0.0, "percent_covered_display": "0", "missing_lines": 4, "excluded_lines": 0}, "missing_lines": [10, 12, 14, 16], "excluded_lines": []}}, "classes": {"": {"executed_lines": [], "summary": {"covered_lines": 0, "num_statements": 4, "percent_covered": 0.0, "percent_covered_display": "0", "missing_lines": 4, "excluded_lines": 0}, "missing_lines": [10, 12, 14, 16], "excluded_lines": []}}}, "aevum/pagination.py": {"executed_lines": [1, 5, 6, 7, 8, 10, 13, 14, 18, 19, 20, 22, 26, 41, 42, 45, 46, 47, 49, 65, 66, 69, 70, 71, 73, 90], "summary": {"covered_lines": 22, "num_statements": 26, "percent_covered": 84.61538461538461, "percent_covered_display": "85", "missing_lines": 4, "excluded_lines": 0}, "missing_lines": [50, 74, 100, 106], "excluded_lines": [], "functions": {"StandardResultsPagination.get_paginated_response": {"executed_lines": [26], "summary": {"covered_lines": 1, "num_statements": 1, "percent_covered": 100.0, "percent_covered_display": "100", "missing_lines": 0, "excluded_lines": 0}, "missing_lines": [], "excluded_lines": []}, "LargeResultsPagination.get_paginated_response": {"executed_lines": [], "summary": {"covered_lines": 0, "num_statements": 1, "percent_covered": 0.0, "percent_covered_display": "0", "missing_lines": 1, "excluded_lines": 0}, "missing_lines": [50], "excluded_lines": []}, "SmallResultsPagination.get_paginated_response": {"executed_lines": [], "summary": {"covered_lines": 0, "num_statements": 1, "percent_covered": 0.0, "percent_covered_display": "0", "missing_lines": 1, "excluded_lines": 0}, "missing_lines": [74], "excluded_lines": []}, "get_pagination_class": {"executed_lines": [], "summary": {"covered_lines": 0, "num_statements": 2, "percent_covered": 0.0, "percent_covered_display": "0", "missing_lines": 2, "excluded_lines": 0}, "missing_lines": [100, 106], "excluded_lines": []}, "": {"executed_lines": [1, 5, 6, 7, 8, 10, 13, 14, 18, 19, 20, 22, 41, 42, 45, 46, 47, 49, 65, 66, 69, 70, 71, 73, 90], "summary": {"covered_lines": 21, "num_statements": 21, "percent_covered": 100.0, "percent_covered_display": "100", "missing_lines": 0, "excluded_lines": 0}, "missing_lines": [], "excluded_lines": []}}, "classes": {"StandardResultsPagination": {"executed_lines": [26], "summary": {"covered_lines": 1, "num_statements": 1, "percent_covered": 100.0, "percent_covered_display": "100", "missing_lines": 0, "excluded_lines": 0}, "missing_lines": [], "excluded_lines": []}, "LargeResultsPagination": {"executed_lines": [], "summary": {"covered_lines": 0, "num_statements": 1, "percent_covered": 0.0, "percent_covered_display": "0", "missing_lines": 1, "excluded_lines": 0}, "missing_lines": [50], "excluded_lines": []}, "SmallResultsPagination": {"executed_lines": [], "summary": {"covered_lines": 0, "num_statements": 1, "percent_covered": 0.0, "percent_covered_display": "0", "missing_lines": 1, "excluded_lines": 0}, "missing_lines": [74], "excluded_lines": []}, "": {"executed_lines": [1, 5, 6, 7, 8, 10, 13, 14, 18, 19, 20, 22, 41, 42, 45, 46, 47, 49, 65, 66, 69, 70, 71, 73, 90], "summary": {"covered_lines": 21, "num_statements": 23, "percent_covered": 91.30434782608695, "percent_covered_display": "91", "missing_lines": 2, "excluded_lines": 0}, "missing_lines": [100, 106], "excluded_lines": []}}}, "aevum/settings.py": {"executed_lines": [1, 13, 14, 15, 18, 21, 25, 31, 34, 36, 39, 40, 43, 44, 49, 72, 82, 84, 99, 105, 116, 135, 137, 139, 141, 147, 150, 151, 154, 155, 156, 157, 158, 159, 160, 161, 162, 163, 168, 171, 174, 177, 178, 179, 182, 191, 198], "summary": {"covered_lines": 46, "num_statements": 46, "percent_covered": 100.0, "percent_covered_display": "100", "missing_lines": 0, "excluded_lines": 0}, "missing_lines": [], "excluded_lines": [], "functions": {"": {"executed_lines": [1, 13, 14, 15, 18, 21, 25, 31, 34, 36, 39, 40, 43, 44, 49, 72, 82, 84, 99, 105, 116, 135, 137, 139, 141, 147, 150, 151, 154, 155, 156, 157, 158, 159, 160, 161, 162, 163, 168, 171, 174, 177, 178, 179, 182, 191, 198], "summary": {"covered_lines": 46, "num_statements": 46, "percent_covered": 100.0, "percent_covered_display": "100", "missing_lines": 0, "excluded_lines": 0}, "missing_lines": [], "excluded_lines": []}}, "classes": {"": {"executed_lines": [1, 13, 14, 15, 18, 21, 25, 31, 34, 36, 39, 40, 43, 44, 49, 72, 82, 84, 99, 105, 116, 135, 137, 139, 141, 147, 150, 151, 154, 155, 156, 157, 158, 159, 160, 161, 162, 163, 168, 171, 174, 177, 178, 179, 182, 191, 198], "summary": {"covered_lines": 46, "num_statements": 46, "percent_covered": 100.0, "percent_covered_display": "100", "missing_lines": 0, "excluded_lines": 0}, "missing_lines": [], "excluded_lines": []}}}, "aevum/urls.py": {"executed_lines": [1, 17, 18, 19, 20, 21, 27, 48], "summary": {"covered_lines": 7, "num_statements": 8, "percent_covered": 87.5, "percent_covered_display": "88", "missing_lines": 1, "excluded_lines": 0}, "missing_lines": [49], "excluded_lines": [], "functions": {"": {"executed_lines": [1, 17, 18, 19, 20, 21, 27, 48], "summary": {"covered_lines": 7, "num_statements": 8, "percent_covered": 87.5, "percent_covered_display": "88", "missing_lines": 1, "excluded_lines": 0}, "missing_lines": [49], "excluded_lines": []}}, "classes": {"": {"executed_lines": [1, 17, 18, 19, 20, 21, 27, 48], "summary": {"covered_lines": 7, "num_statements": 8, "percent_covered": 87.5, "percent_covered_display": "88", "missing_lines": 1, "excluded_lines": 0}, "missing_lines": [49], "excluded_lines": []}}}, "aevum/wsgi.py": {"executed_lines": [], "summary": {"covered_lines": 0, "num_statements": 4, "percent_covered": 0.0, "percent_covered_display": "0", "missing_lines": 4, "excluded_lines": 0}, "missing_lines": [10, 12, 14, 16], "excluded_lines": [], "functions": {"": {"executed_lines": [], "summary": {"covered_lines": 0, "num_statements": 4, "percent_covered": 0.0, "percent_covered_display": "0", "missing_lines": 4, "excluded_lines": 0}, "missing_lines": [10, 12, 14, 16], "excluded_lines": []}}, "classes": {"": {"executed_lines": [], "summary": {"covered_lines": 0, "num_statements": 4, "percent_covered": 0.0, "percent_covered_display": "0", "missing_lines": 4, "excluded_lines": 0}, "missing_lines": [10, 12, 14, 16], "excluded_lines": []}}}, "ai_companion/__init__.py": {"executed_lines": [0], "summary": {"covered_lines": 0, "num_statements": 0, "percent_covered": 100.0, "percent_covered_display": "100", "missing_lines": 0, "excluded_lines": 0}, "missing_lines": [], "excluded_lines": [], "functions": {"": {"executed_lines": [], "summary": {"covered_lines": 0, "num_statements": 0, "percent_covered": 100.0, "percent_covered_display": "100", "missing_lines": 0, "excluded_lines": 0}, "missing_lines": [], "excluded_lines": []}}, "classes": {"": {"executed_lines": [], "summary": {"covered_lines": 0, "num_statements": 0, "percent_covered": 100.0, "percent_covered_display": "100", "missing_lines": 0, "excluded_lines": 0}, "missing_lines": [], "excluded_lines": []}}}, "ai_companion/admin.py": {"executed_lines": [1, 2, 3, 6, 7, 8, 9, 10, 11, 13, 17, 18, 19, 21, 32, 40, 42, 47, 79, 80, 82, 84, 90, 92, 95, 97, 109, 111, 119, 121, 130, 132, 144, 146, 150, 152, 156, 158, 162, 165, 166, 167, 169, 180, 188, 190, 194, 234, 236, 238, 246, 248, 254, 256, 259, 261, 264, 266, 276, 278, 301, 303, 319, 321, 329, 331, 335, 337, 341, 344, 345, 346, 348, 358, 366, 368, 370, 407, 409, 412, 414, 417, 419, 433, 435, 448, 450, 467, 469, 477], "summary": {"covered_lines": 86, "num_statements": 175, "percent_covered": 49.142857142857146, "percent_covered_display": "49", "missing_lines": 89, "excluded_lines": 0}, "missing_lines": [14, 86, 87, 88, 89, 94, 99, 103, 104, 113, 114, 115, 116, 117, 118, 123, 124, 125, 134, 135, 143, 148, 149, 154, 155, 160, 161, 240, 241, 250, 251, 252, 253, 258, 263, 268, 269, 270, 271, 272, 274, 275, 280, 281, 288, 290, 292, 293, 294, 296, 297, 299, 300, 305, 307, 308, 318, 323, 324, 325, 326, 327, 328, 333, 334, 339, 340, 411, 416, 421, 427, 428, 437, 441, 442, 443, 452, 453, 454, 455, 456, 458, 461, 462, 471, 472, 473, 474, 476], "excluded_lines": [], "functions": {"MessageInline.has_add_permission": {"executed_lines": [], "summary": {"covered_lines": 0, "num_statements": 1, "percent_covered": 0.0, "percent_covered_display": "0", "missing_lines": 1, "excluded_lines": 0}, "missing_lines": [14], "excluded_lines": []}, "ThreadAdmin.title_display": {"executed_lines": [], "summary": {"covered_lines": 0, "num_statements": 4, "percent_covered": 0.0, "percent_covered_display": "0", "missing_lines": 4, "excluded_lines": 0}, "missing_lines": [86, 87, 88, 89], "excluded_lines": []}, "ThreadAdmin.user_display": {"executed_lines": [], "summary": {"covered_lines": 0, "num_statements": 1, "percent_covered": 0.0, "percent_covered_display": "0", "missing_lines": 1, "excluded_lines": 0}, "missing_lines": [94], "excluded_lines": []}, "ThreadAdmin.category_display": {"executed_lines": [], "summary": {"covered_lines": 0, "num_statements": 3, "percent_covered": 0.0, "percent_covered_display": "0", "missing_lines": 3, "excluded_lines": 0}, "missing_lines": [99, 103, 104], "excluded_lines": []}, "ThreadAdmin.status_badges": {"executed_lines": [], "summary": {"covered_lines": 0, "num_statements": 6, "percent_covered": 0.0, "percent_covered_display": "0", "missing_lines": 6, "excluded_lines": 0}, "missing_lines": [113, 114, 115, 116, 117, 118], "excluded_lines": []}, "ThreadAdmin.message_count_display": {"executed_lines": [], "summary": {"covered_lines": 0, "num_statements": 3, "percent_covered": 0.0, "percent_covered_display": "0", "missing_lines": 3, "excluded_lines": 0}, "missing_lines": [123, 124, 125], "excluded_lines": []}, "ThreadAdmin.analytics_display": {"executed_lines": [], "summary": {"covered_lines": 0, "num_statements": 3, "percent_covered": 0.0, "percent_covered_display": "0", "missing_lines": 3, "excluded_lines": 0}, "missing_lines": [134, 135, 143], "excluded_lines": []}, "ThreadAdmin.mark_as_favorite": {"executed_lines": [], "summary": {"covered_lines": 0, "num_statements": 2, "percent_covered": 0.0, "percent_covered_display": "0", "missing_lines": 2, "excluded_lines": 0}, "missing_lines": [148, 149], "excluded_lines": []}, "ThreadAdmin.archive_threads": {"executed_lines": [], "summary": {"covered_lines": 0, "num_statements": 2, "percent_covered": 0.0, "percent_covered_display": "0", "missing_lines": 2, "excluded_lines": 0}, "missing_lines": [154, 155], "excluded_lines": []}, "ThreadAdmin.unarchive_threads": {"executed_lines": [], "summary": {"covered_lines": 0, "num_statements": 2, "percent_covered": 0.0, "percent_covered_display": "0", "missing_lines": 2, "excluded_lines": 0}, "missing_lines": [160, 161], "excluded_lines": []}, "MessageAdmin.sender_display": {"executed_lines": [], "summary": {"covered_lines": 0, "num_statements": 2, "percent_covered": 0.0, "percent_covered_display": "0", "missing_lines": 2, "excluded_lines": 0}, "missing_lines": [240, 241], "excluded_lines": []}, "MessageAdmin.content_preview": {"executed_lines": [], "summary": {"covered_lines": 0, "num_statements": 4, "percent_covered": 0.0, "percent_covered_display": "0", "missing_lines": 4, "excluded_lines": 0}, "missing_lines": [250, 251, 252, 253], "excluded_lines": []}, "MessageAdmin.thread_title": {"executed_lines": [], "summary": {"covered_lines": 0, "num_statements": 1, "percent_covered": 0.0, "percent_covered_display": "0", "missing_lines": 1, "excluded_lines": 0}, "missing_lines": [258], "excluded_lines": []}, "MessageAdmin.user_display": {"executed_lines": [], "summary": {"covered_lines": 0, "num_statements": 1, "percent_covered": 0.0, "percent_covered_display": "0", "missing_lines": 1, "excluded_lines": 0}, "missing_lines": [263], "excluded_lines": []}, "MessageAdmin.reaction_display": {"executed_lines": [], "summary": {"covered_lines": 0, "num_statements": 7, "percent_covered": 0.0, "percent_covered_display": "0", "missing_lines": 7, "excluded_lines": 0}, "missing_lines": [268, 269, 270, 271, 272, 274, 275], "excluded_lines": []}, "MessageAdmin.qa_display": {"executed_lines": [], "summary": {"covered_lines": 0, "num_statements": 11, "percent_covered": 0.0, "percent_covered_display": "0", "missing_lines": 11, "excluded_lines": 0}, "missing_lines": [280, 281, 288, 290, 292, 293, 294, 296, 297, 299, 300], "excluded_lines": []}, "MessageAdmin.quality_display": {"executed_lines": [], "summary": {"covered_lines": 0, "num_statements": 4, "percent_covered": 0.0, "percent_covered_display": "0", "missing_lines": 4, "excluded_lines": 0}, "missing_lines": [305, 307, 308, 318], "excluded_lines": []}, "MessageAdmin.select_for_qa": {"executed_lines": [], "summary": {"covered_lines": 0, "num_statements": 6, "percent_covered": 0.0, "percent_covered_display": "0", "missing_lines": 6, "excluded_lines": 0}, "missing_lines": [323, 324, 325, 326, 327, 328], "excluded_lines": []}, "MessageAdmin.approve_qa": {"executed_lines": [], "summary": {"covered_lines": 0, "num_statements": 2, "percent_covered": 0.0, "percent_covered_display": "0", "missing_lines": 2, "excluded_lines": 0}, "missing_lines": [333, 334], "excluded_lines": []}, "MessageAdmin.reject_qa": {"executed_lines": [], "summary": {"covered_lines": 0, "num_statements": 2, "percent_covered": 0.0, "percent_covered_display": "0", "missing_lines": 2, "excluded_lines": 0}, "missing_lines": [339, 340], "excluded_lines": []}, "ThreadSuggestionAdmin.title_display": {"executed_lines": [], "summary": {"covered_lines": 0, "num_statements": 1, "percent_covered": 0.0, "percent_covered_display": "0", "missing_lines": 1, "excluded_lines": 0}, "missing_lines": [411], "excluded_lines": []}, "ThreadSuggestionAdmin.user_display": {"executed_lines": [], "summary": {"covered_lines": 0, "num_statements": 1, "percent_covered": 0.0, "percent_covered_display": "0", "missing_lines": 1, "excluded_lines": 0}, "missing_lines": [416], "excluded_lines": []}, "ThreadSuggestionAdmin.suggestion_type_display": {"executed_lines": [], "summary": {"covered_lines": 0, "num_statements": 3, "percent_covered": 0.0, "percent_covered_display": "0", "missing_lines": 3, "excluded_lines": 0}, "missing_lines": [421, 427, 428], "excluded_lines": []}, "ThreadSuggestionAdmin.category_display": {"executed_lines": [], "summary": {"covered_lines": 0, "num_statements": 4, "percent_covered": 0.0, "percent_covered_display": "0", "missing_lines": 4, "excluded_lines": 0}, "missing_lines": [437, 441, 442, 443], "excluded_lines": []}, "ThreadSuggestionAdmin.relevance_display": {"executed_lines": [], "summary": {"covered_lines": 0, "num_statements": 8, "percent_covered": 0.0, "percent_covered_display": "0", "missing_lines": 8, "excluded_lines": 0}, "missing_lines": [452, 453, 454, 455, 456, 458, 461, 462], "excluded_lines": []}, "ThreadSuggestionAdmin.status_display": {"executed_lines": [], "summary": {"covered_lines": 0, "num_statements": 5, "percent_covered": 0.0, "percent_covered_display": "0", "missing_lines": 5, "excluded_lines": 0}, "missing_lines": [471, 472, 473, 474, 476], "excluded_lines": []}, "": {"executed_lines": [1, 2, 3, 6, 7, 8, 9, 10, 11, 13, 17, 18, 19, 21, 32, 40, 42, 47, 79, 80, 82, 84, 90, 92, 95, 97, 109, 111, 119, 121, 130, 132, 144, 146, 150, 152, 156, 158, 162, 165, 166, 167, 169, 180, 188, 190, 194, 234, 236, 238, 246, 248, 254, 256, 259, 261, 264, 266, 276, 278, 301, 303, 319, 321, 329, 331, 335, 337, 341, 344, 345, 346, 348, 358, 366, 368, 370, 407, 409, 412, 414, 417, 419, 433, 435, 448, 450, 467, 469, 477], "summary": {"covered_lines": 86, "num_statements": 86, "percent_covered": 100.0, "percent_covered_display": "100", "missing_lines": 0, "excluded_lines": 0}, "missing_lines": [], "excluded_lines": []}}, "classes": {"MessageInline": {"executed_lines": [], "summary": {"covered_lines": 0, "num_statements": 1, "percent_covered": 0.0, "percent_covered_display": "0", "missing_lines": 1, "excluded_lines": 0}, "missing_lines": [14], "excluded_lines": []}, "ThreadAdmin": {"executed_lines": [], "summary": {"covered_lines": 0, "num_statements": 26, "percent_covered": 0.0, "percent_covered_display": "0", "missing_lines": 26, "excluded_lines": 0}, "missing_lines": [86, 87, 88, 89, 94, 99, 103, 104, 113, 114, 115, 116, 117, 118, 123, 124, 125, 134, 135, 143, 148, 149, 154, 155, 160, 161], "excluded_lines": []}, "MessageAdmin": {"executed_lines": [], "summary": {"covered_lines": 0, "num_statements": 40, "percent_covered": 0.0, "percent_covered_display": "0", "missing_lines": 40, "excluded_lines": 0}, "missing_lines": [240, 241, 250, 251, 252, 253, 258, 263, 268, 269, 270, 271, 272, 274, 275, 280, 281, 288, 290, 292, 293, 294, 296, 297, 299, 300, 305, 307, 308, 318, 323, 324, 325, 326, 327, 328, 333, 334, 339, 340], "excluded_lines": []}, "ThreadSuggestionAdmin": {"executed_lines": [], "summary": {"covered_lines": 0, "num_statements": 22, "percent_covered": 0.0, "percent_covered_display": "0", "missing_lines": 22, "excluded_lines": 0}, "missing_lines": [411, 416, 421, 427, 428, 437, 441, 442, 443, 452, 453, 454, 455, 456, 458, 461, 462, 471, 472, 473, 474, 476], "excluded_lines": []}, "": {"executed_lines": [1, 2, 3, 6, 7, 8, 9, 10, 11, 13, 17, 18, 19, 21, 32, 40, 42, 47, 79, 80, 82, 84, 90, 92, 95, 97, 109, 111, 119, 121, 130, 132, 144, 146, 150, 152, 156, 158, 162, 165, 166, 167, 169, 180, 188, 190, 194, 234, 236, 238, 246, 248, 254, 256, 259, 261, 264, 266, 276, 278, 301, 303, 319, 321, 329, 331, 335, 337, 341, 344, 345, 346, 348, 358, 366, 368, 370, 407, 409, 412, 414, 417, 419, 433, 435, 448, 450, 467, 469, 477], "summary": {"covered_lines": 86, "num_statements": 86, "percent_covered": 100.0, "percent_covered_display": "100", "missing_lines": 0, "excluded_lines": 0}, "missing_lines": [], "excluded_lines": []}}}, "ai_companion/apps.py": {"executed_lines": [1, 4, 5, 6], "summary": {"covered_lines": 4, "num_statements": 4, "percent_covered": 100.0, "percent_covered_display": "100", "missing_lines": 0, "excluded_lines": 0}, "missing_lines": [], "excluded_lines": [], "functions": {"": {"executed_lines": [1, 4, 5, 6], "summary": {"covered_lines": 4, "num_statements": 4, "percent_covered": 100.0, "percent_covered_display": "100", "missing_lines": 0, "excluded_lines": 0}, "missing_lines": [], "excluded_lines": []}}, "classes": {"AiCompanionConfig": {"executed_lines": [], "summary": {"covered_lines": 0, "num_statements": 0, "percent_covered": 100.0, "percent_covered_display": "100", "missing_lines": 0, "excluded_lines": 0}, "missing_lines": [], "excluded_lines": []}, "": {"executed_lines": [1, 4, 5, 6], "summary": {"covered_lines": 4, "num_statements": 4, "percent_covered": 100.0, "percent_covered_display": "100", "missing_lines": 0, "excluded_lines": 0}, "missing_lines": [], "excluded_lines": []}}}, "ai_companion/groq_client.py": {"executed_lines": [1, 6, 7, 8, 9, 10, 11, 13, 16, 17, 19, 20, 21, 22, 24, 88, 99, 107, 108, 109, 175, 197, 258, 377, 415, 468, 469, 471, 472, 474, 522, 528, 602, 629, 657, 688], "summary": {"covered_lines": 33, "num_statements": 204, "percent_covered": 16.176470588235293, "percent_covered_display": "16", "missing_lines": 171, "excluded_lines": 0}, "missing_lines": [34, 35, 37, 39, 41, 46, 55, 60, 67, 68, 69, 70, 72, 73, 75, 76, 78, 79, 80, 81, 82, 83, 84, 85, 86, 101, 102, 103, 104, 111, 112, 124, 128, 132, 141, 146, 153, 154, 155, 156, 159, 160, 163, 165, 166, 168, 169, 171, 172, 173, 179, 180, 181, 184, 185, 188, 189, 190, 192, 195, 200, 232, 241, 244, 245, 246, 247, 248, 249, 250, 251, 253, 254, 256, 279, 281, 283, 286, 291, 301, 306, 313, 315, 316, 319, 322, 324, 336, 338, 341, 342, 344, 351, 353, 354, 355, 357, 363, 365, 366, 367, 369, 375, 390, 404, 408, 426, 428, 445, 449, 457, 458, 459, 460, 461, 462, 463, 465, 476, 478, 480, 481, 482, 496, 497, 498, 507, 508, 509, 513, 514, 515, 517, 518, 520, 524, 525, 526, 548, 550, 553, 556, 557, 558, 559, 565, 571, 572, 573, 575, 576, 577, 578, 581, 589, 591, 592, 593, 595, 600, 605, 607, 617, 621, 632, 634, 645, 649, 660, 674, 678], "excluded_lines": [], "functions": {"GroqClient.__init__": {"executed_lines": [20, 21, 22], "summary": {"covered_lines": 3, "num_statements": 3, "percent_covered": 100.0, "percent_covered_display": "100", "missing_lines": 0, "excluded_lines": 0}, "missing_lines": [], "excluded_lines": []}, "GroqClient.get_chat_response": {"executed_lines": [], "summary": {"covered_lines": 0, "num_statements": 25, "percent_covered": 0.0, "percent_covered_display": "0", "missing_lines": 25, "excluded_lines": 0}, "missing_lines": [34, 35, 37, 39, 41, 46, 55, 60, 67, 68, 69, 70, 72, 73, 75, 76, 78, 79, 80, 81, 82, 83, 84, 85, 86], "excluded_lines": []}, "GroqClient.summarize_response": {"executed_lines": [99, 107, 108, 109], "summary": {"covered_lines": 4, "num_statements": 29, "percent_covered": 13.793103448275861, "percent_covered_display": "14", "missing_lines": 25, "excluded_lines": 0}, "missing_lines": [101, 102, 103, 104, 111, 112, 124, 128, 132, 141, 146, 153, 154, 155, 156, 159, 160, 163, 165, 166, 168, 169, 171, 172, 173], "excluded_lines": []}, "GroqClient._truncate_intelligently": {"executed_lines": [], "summary": {"covered_lines": 0, "num_statements": 10, "percent_covered": 0.0, "percent_covered_display": "0", "missing_lines": 10, "excluded_lines": 0}, "missing_lines": [179, 180, 181, 184, 185, 188, 189, 190, 192, 195], "excluded_lines": []}, "GroqClient.create_health_system_prompt": {"executed_lines": [], "summary": {"covered_lines": 0, "num_statements": 14, "percent_covered": 0.0, "percent_covered_display": "0", "missing_lines": 14, "excluded_lines": 0}, "missing_lines": [200, 232, 241, 244, 245, 246, 247, 248, 249, 250, 251, 253, 254, 256], "excluded_lines": []}, "GroqClient.send_message": {"executed_lines": [], "summary": {"covered_lines": 0, "num_statements": 29, "percent_covered": 0.0, "percent_covered_display": "0", "missing_lines": 29, "excluded_lines": 0}, "missing_lines": [279, 281, 283, 286, 291, 301, 306, 313, 315, 316, 319, 322, 324, 336, 338, 341, 342, 344, 351, 353, 354, 355, 357, 363, 365, 366, 367, 369, 375], "excluded_lines": []}, "GroqClient.get_health_insights": {"executed_lines": [], "summary": {"covered_lines": 0, "num_statements": 3, "percent_covered": 0.0, "percent_covered_display": "0", "missing_lines": 3, "excluded_lines": 0}, "missing_lines": [390, 404, 408], "excluded_lines": []}, "GroqClient.analyze_conversation_sentiment": {"executed_lines": [], "summary": {"covered_lines": 0, "num_statements": 12, "percent_covered": 0.0, "percent_covered_display": "0", "missing_lines": 12, "excluded_lines": 0}, "missing_lines": [426, 428, 445, 449, 457, 458, 459, 460, 461, 462, 463, 465], "excluded_lines": []}, "HealthBotService.__init__": {"executed_lines": [472], "summary": {"covered_lines": 1, "num_statements": 1, "percent_covered": 100.0, "percent_covered_display": "100", "missing_lines": 0, "excluded_lines": 0}, "missing_lines": [], "excluded_lines": []}, "HealthBotService.get_user_health_context": {"executed_lines": [], "summary": {"covered_lines": 0, "num_statements": 17, "percent_covered": 0.0, "percent_covered_display": "0", "missing_lines": 17, "excluded_lines": 0}, "missing_lines": [476, 478, 480, 481, 482, 496, 497, 498, 507, 508, 509, 513, 514, 515, 517, 518, 520], "excluded_lines": []}, "HealthBotService._calculate_age": {"executed_lines": [], "summary": {"covered_lines": 0, "num_statements": 3, "percent_covered": 0.0, "percent_covered_display": "0", "missing_lines": 3, "excluded_lines": 0}, "missing_lines": [524, 525, 526], "excluded_lines": []}, "HealthBotService.process_user_message": {"executed_lines": [], "summary": {"covered_lines": 0, "num_statements": 22, "percent_covered": 0.0, "percent_covered_display": "0", "missing_lines": 22, "excluded_lines": 0}, "missing_lines": [548, 550, 553, 556, 557, 558, 559, 565, 571, 572, 573, 575, 576, 577, 578, 581, 589, 591, 592, 593, 595, 600], "excluded_lines": []}, "HealthBotService.generate_health_summary": {"executed_lines": [], "summary": {"covered_lines": 0, "num_statements": 4, "percent_covered": 0.0, "percent_covered_display": "0", "missing_lines": 4, "excluded_lines": 0}, "missing_lines": [605, 607, 617, 621], "excluded_lines": []}, "HealthBotService.get_personalized_recommendations": {"executed_lines": [], "summary": {"covered_lines": 0, "num_statements": 4, "percent_covered": 0.0, "percent_covered_display": "0", "missing_lines": 4, "excluded_lines": 0}, "missing_lines": [632, 634, 645, 649], "excluded_lines": []}, "HealthBotService.analyze_health_patterns": {"executed_lines": [], "summary": {"covered_lines": 0, "num_statements": 3, "percent_covered": 0.0, "percent_covered_display": "0", "missing_lines": 3, "excluded_lines": 0}, "missing_lines": [660, 674, 678], "excluded_lines": []}, "": {"executed_lines": [1, 6, 7, 8, 9, 10, 11, 13, 16, 17, 19, 24, 88, 175, 197, 258, 377, 415, 468, 469, 471, 474, 522, 528, 602, 629, 657, 688], "summary": {"covered_lines": 25, "num_statements": 25, "percent_covered": 100.0, "percent_covered_display": "100", "missing_lines": 0, "excluded_lines": 0}, "missing_lines": [], "excluded_lines": []}}, "classes": {"GroqClient": {"executed_lines": [20, 21, 22, 99, 107, 108, 109], "summary": {"covered_lines": 7, "num_statements": 125, "percent_covered": 5.6, "percent_covered_display": "6", "missing_lines": 118, "excluded_lines": 0}, "missing_lines": [34, 35, 37, 39, 41, 46, 55, 60, 67, 68, 69, 70, 72, 73, 75, 76, 78, 79, 80, 81, 82, 83, 84, 85, 86, 101, 102, 103, 104, 111, 112, 124, 128, 132, 141, 146, 153, 154, 155, 156, 159, 160, 163, 165, 166, 168, 169, 171, 172, 173, 179, 180, 181, 184, 185, 188, 189, 190, 192, 195, 200, 232, 241, 244, 245, 246, 247, 248, 249, 250, 251, 253, 254, 256, 279, 281, 283, 286, 291, 301, 306, 313, 315, 316, 319, 322, 324, 336, 338, 341, 342, 344, 351, 353, 354, 355, 357, 363, 365, 366, 367, 369, 375, 390, 404, 408, 426, 428, 445, 449, 457, 458, 459, 460, 461, 462, 463, 465], "excluded_lines": []}, "HealthBotService": {"executed_lines": [472], "summary": {"covered_lines": 1, "num_statements": 54, "percent_covered": 1.8518518518518519, "percent_covered_display": "2", "missing_lines": 53, "excluded_lines": 0}, "missing_lines": [476, 478, 480, 481, 482, 496, 497, 498, 507, 508, 509, 513, 514, 515, 517, 518, 520, 524, 525, 526, 548, 550, 553, 556, 557, 558, 559, 565, 571, 572, 573, 575, 576, 577, 578, 581, 589, 591, 592, 593, 595, 600, 605, 607, 617, 621, 632, 634, 645, 649, 660, 674, 678], "excluded_lines": []}, "": {"executed_lines": [1, 6, 7, 8, 9, 10, 11, 13, 16, 17, 19, 24, 88, 175, 197, 258, 377, 415, 468, 469, 471, 474, 522, 528, 602, 629, 657, 688], "summary": {"covered_lines": 25, "num_statements": 25, "percent_covered": 100.0, "percent_covered_display": "100", "missing_lines": 0, "excluded_lines": 0}, "missing_lines": [], "excluded_lines": []}}}, "ai_companion/management/__init__.py": {"executed_lines": [0], "summary": {"covered_lines": 0, "num_statements": 0, "percent_covered": 100.0, "percent_covered_display": "100", "missing_lines": 0, "excluded_lines": 0}, "missing_lines": [], "excluded_lines": [], "functions": {"": {"executed_lines": [], "summary": {"covered_lines": 0, "num_statements": 0, "percent_covered": 100.0, "percent_covered_display": "100", "missing_lines": 0, "excluded_lines": 0}, "missing_lines": [], "excluded_lines": []}}, "classes": {"": {"executed_lines": [], "summary": {"covered_lines": 0, "num_statements": 0, "percent_covered": 100.0, "percent_covered_display": "100", "missing_lines": 0, "excluded_lines": 0}, "missing_lines": [], "excluded_lines": []}}}, "ai_companion/management/commands/__init__.py": {"executed_lines": [0], "summary": {"covered_lines": 0, "num_statements": 0, "percent_covered": 100.0, "percent_covered_display": "100", "missing_lines": 0, "excluded_lines": 0}, "missing_lines": [], "excluded_lines": [], "functions": {"": {"executed_lines": [], "summary": {"covered_lines": 0, "num_statements": 0, "percent_covered": 100.0, "percent_covered_display": "100", "missing_lines": 0, "excluded_lines": 0}, "missing_lines": [], "excluded_lines": []}}, "classes": {"": {"executed_lines": [], "summary": {"covered_lines": 0, "num_statements": 0, "percent_covered": 100.0, "percent_covered_display": "100", "missing_lines": 0, "excluded_lines": 0}, "missing_lines": [], "excluded_lines": []}}}, "ai_companion/management/commands/generate_suggestions.py": {"executed_lines": [], "summary": {"covered_lines": 0, "num_statements": 44, "percent_covered": 0.0, "percent_covered_display": "0", "missing_lines": 44, "excluded_lines": 0}, "missing_lines": [1, 2, 3, 4, 7, 8, 10, 11, 16, 23, 24, 25, 28, 29, 30, 31, 32, 33, 35, 37, 38, 39, 42, 112, 114, 115, 118, 121, 123, 125, 126, 127, 130, 136, 142, 144, 149, 150, 151, 152, 154, 155, 156, 157], "excluded_lines": [], "functions": {"Command.add_arguments": {"executed_lines": [], "summary": {"covered_lines": 0, "num_statements": 2, "percent_covered": 0.0, "percent_covered_display": "0", "missing_lines": 2, "excluded_lines": 0}, "missing_lines": [11, 16], "excluded_lines": []}, "Command.handle": {"executed_lines": [], "summary": {"covered_lines": 0, "num_statements": 34, "percent_covered": 0.0, "percent_covered_display": "0", "missing_lines": 34, "excluded_lines": 0}, "missing_lines": [24, 25, 28, 29, 30, 31, 32, 33, 35, 37, 38, 39, 42, 112, 114, 115, 118, 121, 123, 125, 126, 127, 130, 136, 142, 144, 149, 150, 151, 152, 154, 155, 156, 157], "excluded_lines": []}, "": {"executed_lines": [], "summary": {"covered_lines": 0, "num_statements": 8, "percent_covered": 0.0, "percent_covered_display": "0", "missing_lines": 8, "excluded_lines": 0}, "missing_lines": [1, 2, 3, 4, 7, 8, 10, 23], "excluded_lines": []}}, "classes": {"Command": {"executed_lines": [], "summary": {"covered_lines": 0, "num_statements": 36, "percent_covered": 0.0, "percent_covered_display": "0", "missing_lines": 36, "excluded_lines": 0}, "missing_lines": [11, 16, 24, 25, 28, 29, 30, 31, 32, 33, 35, 37, 38, 39, 42, 112, 114, 115, 118, 121, 123, 125, 126, 127, 130, 136, 142, 144, 149, 150, 151, 152, 154, 155, 156, 157], "excluded_lines": []}, "": {"executed_lines": [], "summary": {"covered_lines": 0, "num_statements": 8, "percent_covered": 0.0, "percent_covered_display": "0", "missing_lines": 8, "excluded_lines": 0}, "missing_lines": [1, 2, 3, 4, 7, 8, 10, 23], "excluded_lines": []}}}, "ai_companion/management/commands/populate_ai_personalities.py": {"executed_lines": [], "summary": {"covered_lines": 0, "num_statements": 15, "percent_covered": 0.0, "percent_covered_display": "0", "missing_lines": 15, "excluded_lines": 0}, "missing_lines": [1, 2, 5, 6, 8, 9, 11, 92, 93, 94, 98, 99, 100, 102, 104], "excluded_lines": [], "functions": {"Command.handle": {"executed_lines": [], "summary": {"covered_lines": 0, "num_statements": 10, "percent_covered": 0.0, "percent_covered_display": "0", "missing_lines": 10, "excluded_lines": 0}, "missing_lines": [9, 11, 92, 93, 94, 98, 99, 100, 102, 104], "excluded_lines": []}, "": {"executed_lines": [], "summary": {"covered_lines": 0, "num_statements": 5, "percent_covered": 0.0, "percent_covered_display": "0", "missing_lines": 5, "excluded_lines": 0}, "missing_lines": [1, 2, 5, 6, 8], "excluded_lines": []}}, "classes": {"Command": {"executed_lines": [], "summary": {"covered_lines": 0, "num_statements": 10, "percent_covered": 0.0, "percent_covered_display": "0", "missing_lines": 10, "excluded_lines": 0}, "missing_lines": [9, 11, 92, 93, 94, 98, 99, 100, 102, 104], "excluded_lines": []}, "": {"executed_lines": [], "summary": {"covered_lines": 0, "num_statements": 5, "percent_covered": 0.0, "percent_covered_display": "0", "missing_lines": 5, "excluded_lines": 0}, "missing_lines": [1, 2, 5, 6, 8], "excluded_lines": []}}}, "ai_companion/management/commands/qa_review_messages.py": {"executed_lines": [], "summary": {"covered_lines": 0, "num_statements": 93, "percent_covered": 0.0, "percent_covered_display": "0", "missing_lines": 93, "excluded_lines": 0}, "missing_lines": [1, 2, 3, 4, 7, 8, 10, 11, 16, 22, 30, 31, 32, 33, 36, 37, 38, 39, 40, 41, 42, 45, 50, 51, 54, 56, 61, 63, 64, 65, 66, 69, 72, 73, 74, 75, 78, 86, 87, 91, 92, 93, 94, 95, 99, 100, 104, 106, 107, 108, 109, 111, 112, 113, 114, 115, 117, 118, 121, 122, 123, 124, 125, 127, 129, 132, 133, 134, 137, 138, 139, 140, 141, 142, 144, 145, 146, 149, 150, 151, 153, 154, 155, 156, 157, 158, 159, 161, 162, 163, 166, 169, 171], "excluded_lines": [], "functions": {"Command.add_arguments": {"executed_lines": [], "summary": {"covered_lines": 0, "num_statements": 3, "percent_covered": 0.0, "percent_covered_display": "0", "missing_lines": 3, "excluded_lines": 0}, "missing_lines": [11, 16, 22], "excluded_lines": []}, "Command.handle": {"executed_lines": [], "summary": {"covered_lines": 0, "num_statements": 35, "percent_covered": 0.0, "percent_covered_display": "0", "missing_lines": 35, "excluded_lines": 0}, "missing_lines": [31, 32, 33, 36, 37, 38, 39, 40, 41, 42, 45, 50, 51, 54, 56, 61, 63, 64, 65, 66, 69, 72, 73, 74, 75, 78, 86, 87, 91, 92, 93, 94, 95, 99, 100], "excluded_lines": []}, "Command.display_message_info": {"executed_lines": [], "summary": {"covered_lines": 0, "num_statements": 16, "percent_covered": 0.0, "percent_covered_display": "0", "missing_lines": 16, "excluded_lines": 0}, "missing_lines": [106, 107, 108, 109, 111, 112, 113, 114, 115, 117, 118, 121, 122, 123, 124, 125], "excluded_lines": []}, "Command.get_review_input": {"executed_lines": [], "summary": {"covered_lines": 0, "num_statements": 29, "percent_covered": 0.0, "percent_covered_display": "0", "missing_lines": 29, "excluded_lines": 0}, "missing_lines": [129, 132, 133, 134, 137, 138, 139, 140, 141, 142, 144, 145, 146, 149, 150, 151, 153, 154, 155, 156, 157, 158, 159, 161, 162, 163, 166, 169, 171], "excluded_lines": []}, "": {"executed_lines": [], "summary": {"covered_lines": 0, "num_statements": 10, "percent_covered": 0.0, "percent_covered_display": "0", "missing_lines": 10, "excluded_lines": 0}, "missing_lines": [1, 2, 3, 4, 7, 8, 10, 30, 104, 127], "excluded_lines": []}}, "classes": {"Command": {"executed_lines": [], "summary": {"covered_lines": 0, "num_statements": 83, "percent_covered": 0.0, "percent_covered_display": "0", "missing_lines": 83, "excluded_lines": 0}, "missing_lines": [11, 16, 22, 31, 32, 33, 36, 37, 38, 39, 40, 41, 42, 45, 50, 51, 54, 56, 61, 63, 64, 65, 66, 69, 72, 73, 74, 75, 78, 86, 87, 91, 92, 93, 94, 95, 99, 100, 106, 107, 108, 109, 111, 112, 113, 114, 115, 117, 118, 121, 122, 123, 124, 125, 129, 132, 133, 134, 137, 138, 139, 140, 141, 142, 144, 145, 146, 149, 150, 151, 153, 154, 155, 156, 157, 158, 159, 161, 162, 163, 166, 169, 171], "excluded_lines": []}, "": {"executed_lines": [], "summary": {"covered_lines": 0, "num_statements": 10, "percent_covered": 0.0, "percent_covered_display": "0", "missing_lines": 10, "excluded_lines": 0}, "missing_lines": [1, 2, 3, 4, 7, 8, 10, 30, 104, 127], "excluded_lines": []}}}, "ai_companion/management/commands/select_messages_for_qa.py": {"executed_lines": [], "summary": {"covered_lines": 0, "num_statements": 60, "percent_covered": 0.0, "percent_covered_display": "0", "missing_lines": 60, "excluded_lines": 0}, "missing_lines": [1, 2, 3, 4, 7, 8, 10, 11, 17, 24, 29, 36, 37, 38, 39, 40, 42, 47, 52, 53, 56, 58, 59, 61, 62, 65, 66, 72, 75, 78, 79, 80, 81, 83, 88, 95, 97, 99, 100, 101, 104, 105, 107, 108, 111, 112, 113, 114, 117, 118, 119, 120, 121, 124, 125, 126, 127, 129, 130, 131], "excluded_lines": [], "functions": {"Command.add_arguments": {"executed_lines": [], "summary": {"covered_lines": 0, "num_statements": 4, "percent_covered": 0.0, "percent_covered_display": "0", "missing_lines": 4, "excluded_lines": 0}, "missing_lines": [11, 17, 24, 29], "excluded_lines": []}, "Command.handle": {"executed_lines": [], "summary": {"covered_lines": 0, "num_statements": 24, "percent_covered": 0.0, "percent_covered_display": "0", "missing_lines": 24, "excluded_lines": 0}, "missing_lines": [37, 38, 39, 40, 42, 47, 52, 53, 56, 58, 59, 61, 62, 65, 66, 72, 75, 78, 79, 80, 81, 83, 88, 95], "excluded_lines": []}, "Command.show_qa_summary": {"executed_lines": [], "summary": {"covered_lines": 0, "num_statements": 23, "percent_covered": 0.0, "percent_covered_display": "0", "missing_lines": 23, "excluded_lines": 0}, "missing_lines": [99, 100, 101, 104, 105, 107, 108, 111, 112, 113, 114, 117, 118, 119, 120, 121, 124, 125, 126, 127, 129, 130, 131], "excluded_lines": []}, "": {"executed_lines": [], "summary": {"covered_lines": 0, "num_statements": 9, "percent_covered": 0.0, "percent_covered_display": "0", "missing_lines": 9, "excluded_lines": 0}, "missing_lines": [1, 2, 3, 4, 7, 8, 10, 36, 97], "excluded_lines": []}}, "classes": {"Command": {"executed_lines": [], "summary": {"covered_lines": 0, "num_statements": 51, "percent_covered": 0.0, "percent_covered_display": "0", "missing_lines": 51, "excluded_lines": 0}, "missing_lines": [11, 17, 24, 29, 37, 38, 39, 40, 42, 47, 52, 53, 56, 58, 59, 61, 62, 65, 66, 72, 75, 78, 79, 80, 81, 83, 88, 95, 99, 100, 101, 104, 105, 107, 108, 111, 112, 113, 114, 117, 118, 119, 120, 121, 124, 125, 126, 127, 129, 130, 131], "excluded_lines": []}, "": {"executed_lines": [], "summary": {"covered_lines": 0, "num_statements": 9, "percent_covered": 0.0, "percent_covered_display": "0", "missing_lines": 9, "excluded_lines": 0}, "missing_lines": [1, 2, 3, 4, 7, 8, 10, 36, 97], "excluded_lines": []}}}, "ai_companion/management/commands/setup_chat_types.py": {"executed_lines": [], "summary": {"covered_lines": 0, "num_statements": 17, "percent_covered": 0.0, "percent_covered_display": "0", "missing_lines": 17, "excluded_lines": 0}, "missing_lines": [1, 2, 5, 6, 8, 9, 12, 13, 16, 58, 59, 60, 64, 65, 66, 68, 70], "excluded_lines": [], "functions": {"Command.handle": {"executed_lines": [], "summary": {"covered_lines": 0, "num_statements": 12, "percent_covered": 0.0, "percent_covered_display": "0", "missing_lines": 12, "excluded_lines": 0}, "missing_lines": [9, 12, 13, 16, 58, 59, 60, 64, 65, 66, 68, 70], "excluded_lines": []}, "": {"executed_lines": [], "summary": {"covered_lines": 0, "num_statements": 5, "percent_covered": 0.0, "percent_covered_display": "0", "missing_lines": 5, "excluded_lines": 0}, "missing_lines": [1, 2, 5, 6, 8], "excluded_lines": []}}, "classes": {"Command": {"executed_lines": [], "summary": {"covered_lines": 0, "num_statements": 12, "percent_covered": 0.0, "percent_covered_display": "0", "missing_lines": 12, "excluded_lines": 0}, "missing_lines": [9, 12, 13, 16, 58, 59, 60, 64, 65, 66, 68, 70], "excluded_lines": []}, "": {"executed_lines": [], "summary": {"covered_lines": 0, "num_statements": 5, "percent_covered": 0.0, "percent_covered_display": "0", "missing_lines": 5, "excluded_lines": 0}, "missing_lines": [1, 2, 5, 6, 8], "excluded_lines": []}}}, "ai_companion/migrations/0001_initial.py": {"executed_lines": [3, 4, 5, 6, 9, 11, 13, 17], "summary": {"covered_lines": 8, "num_statements": 8, "percent_covered": 100.0, "percent_covered_display": "100", "missing_lines": 0, "excluded_lines": 0}, "missing_lines": [], "excluded_lines": [], "functions": {"": {"executed_lines": [3, 4, 5, 6, 9, 11, 13, 17], "summary": {"covered_lines": 8, "num_statements": 8, "percent_covered": 100.0, "percent_covered_display": "100", "missing_lines": 0, "excluded_lines": 0}, "missing_lines": [], "excluded_lines": []}}, "classes": {"Migration": {"executed_lines": [], "summary": {"covered_lines": 0, "num_statements": 0, "percent_covered": 100.0, "percent_covered_display": "100", "missing_lines": 0, "excluded_lines": 0}, "missing_lines": [], "excluded_lines": []}, "": {"executed_lines": [3, 4, 5, 6, 9, 11, 13, 17], "summary": {"covered_lines": 8, "num_statements": 8, "percent_covered": 100.0, "percent_covered_display": "100", "missing_lines": 0, "excluded_lines": 0}, "missing_lines": [], "excluded_lines": []}}}, "ai_companion/migrations/0002_alter_message_sender.py": {"executed_lines": [3, 6, 8, 12], "summary": {"covered_lines": 4, "num_statements": 4, "percent_covered": 100.0, "percent_covered_display": "100", "missing_lines": 0, "excluded_lines": 0}, "missing_lines": [], "excluded_lines": [], "functions": {"": {"executed_lines": [3, 6, 8, 12], "summary": {"covered_lines": 4, "num_statements": 4, "percent_covered": 100.0, "percent_covered_display": "100", "missing_lines": 0, "excluded_lines": 0}, "missing_lines": [], "excluded_lines": []}}, "classes": {"Migration": {"executed_lines": [], "summary": {"covered_lines": 0, "num_statements": 0, "percent_covered": 100.0, "percent_covered_display": "100", "missing_lines": 0, "excluded_lines": 0}, "missing_lines": [], "excluded_lines": []}, "": {"executed_lines": [3, 6, 8, 12], "summary": {"covered_lines": 4, "num_statements": 4, "percent_covered": 100.0, "percent_covered_display": "100", "missing_lines": 0, "excluded_lines": 0}, "missing_lines": [], "excluded_lines": []}}}, "ai_companion/migrations/0003_alter_message_sender.py": {"executed_lines": [3, 6, 8, 12], "summary": {"covered_lines": 4, "num_statements": 4, "percent_covered": 100.0, "percent_covered_display": "100", "missing_lines": 0, "excluded_lines": 0}, "missing_lines": [], "excluded_lines": [], "functions": {"": {"executed_lines": [3, 6, 8, 12], "summary": {"covered_lines": 4, "num_statements": 4, "percent_covered": 100.0, "percent_covered_display": "100", "missing_lines": 0, "excluded_lines": 0}, "missing_lines": [], "excluded_lines": []}}, "classes": {"Migration": {"executed_lines": [], "summary": {"covered_lines": 0, "num_statements": 0, "percent_covered": 100.0, "percent_covered_display": "100", "missing_lines": 0, "excluded_lines": 0}, "missing_lines": [], "excluded_lines": []}, "": {"executed_lines": [3, 6, 8, 12], "summary": {"covered_lines": 4, "num_statements": 4, "percent_covered": 100.0, "percent_covered_display": "100", "missing_lines": 0, "excluded_lines": 0}, "missing_lines": [], "excluded_lines": []}}}, "ai_companion/migrations/0004_add_enhanced_features.py": {"executed_lines": [3, 4, 5, 8, 10, 15], "summary": {"covered_lines": 6, "num_statements": 6, "percent_covered": 100.0, "percent_covered_display": "100", "missing_lines": 0, "excluded_lines": 0}, "missing_lines": [], "excluded_lines": [], "functions": {"": {"executed_lines": [3, 4, 5, 8, 10, 15], "summary": {"covered_lines": 6, "num_statements": 6, "percent_covered": 100.0, "percent_covered_display": "100", "missing_lines": 0, "excluded_lines": 0}, "missing_lines": [], "excluded_lines": []}}, "classes": {"Migration": {"executed_lines": [], "summary": {"covered_lines": 0, "num_statements": 0, "percent_covered": 100.0, "percent_covered_display": "100", "missing_lines": 0, "excluded_lines": 0}, "missing_lines": [], "excluded_lines": []}, "": {"executed_lines": [3, 4, 5, 8, 10, 15], "summary": {"covered_lines": 6, "num_statements": 6, "percent_covered": 100.0, "percent_covered_display": "100", "missing_lines": 0, "excluded_lines": 0}, "missing_lines": [], "excluded_lines": []}}}, "ai_companion/migrations/0005_alter_message_sender.py": {"executed_lines": [3, 6, 8, 12], "summary": {"covered_lines": 4, "num_statements": 4, "percent_covered": 100.0, "percent_covered_display": "100", "missing_lines": 0, "excluded_lines": 0}, "missing_lines": [], "excluded_lines": [], "functions": {"": {"executed_lines": [3, 6, 8, 12], "summary": {"covered_lines": 4, "num_statements": 4, "percent_covered": 100.0, "percent_covered_display": "100", "missing_lines": 0, "excluded_lines": 0}, "missing_lines": [], "excluded_lines": []}}, "classes": {"Migration": {"executed_lines": [], "summary": {"covered_lines": 0, "num_statements": 0, "percent_covered": 100.0, "percent_covered_display": "100", "missing_lines": 0, "excluded_lines": 0}, "missing_lines": [], "excluded_lines": []}, "": {"executed_lines": [3, 6, 8, 12], "summary": {"covered_lines": 4, "num_statements": 4, "percent_covered": 100.0, "percent_covered_display": "100", "missing_lines": 0, "excluded_lines": 0}, "missing_lines": [], "excluded_lines": []}}}, "ai_companion/migrations/0006_add_qa_fields.py": {"executed_lines": [3, 4, 5, 8, 10, 15], "summary": {"covered_lines": 6, "num_statements": 6, "percent_covered": 100.0, "percent_covered_display": "100", "missing_lines": 0, "excluded_lines": 0}, "missing_lines": [], "excluded_lines": [], "functions": {"": {"executed_lines": [3, 4, 5, 8, 10, 15], "summary": {"covered_lines": 6, "num_statements": 6, "percent_covered": 100.0, "percent_covered_display": "100", "missing_lines": 0, "excluded_lines": 0}, "missing_lines": [], "excluded_lines": []}}, "classes": {"Migration": {"executed_lines": [], "summary": {"covered_lines": 0, "num_statements": 0, "percent_covered": 100.0, "percent_covered_display": "100", "missing_lines": 0, "excluded_lines": 0}, "missing_lines": [], "excluded_lines": []}, "": {"executed_lines": [3, 4, 5, 8, 10, 15], "summary": {"covered_lines": 6, "num_statements": 6, "percent_covered": 100.0, "percent_covered_display": "100", "missing_lines": 0, "excluded_lines": 0}, "missing_lines": [], "excluded_lines": []}}}, "ai_companion/migrations/0007_add_summarization_fields.py": {"executed_lines": [3, 6, 8, 12], "summary": {"covered_lines": 4, "num_statements": 4, "percent_covered": 100.0, "percent_covered_display": "100", "missing_lines": 0, "excluded_lines": 0}, "missing_lines": [], "excluded_lines": [], "functions": {"": {"executed_lines": [3, 6, 8, 12], "summary": {"covered_lines": 4, "num_statements": 4, "percent_covered": 100.0, "percent_covered_display": "100", "missing_lines": 0, "excluded_lines": 0}, "missing_lines": [], "excluded_lines": []}}, "classes": {"Migration": {"executed_lines": [], "summary": {"covered_lines": 0, "num_statements": 0, "percent_covered": 100.0, "percent_covered_display": "100", "missing_lines": 0, "excluded_lines": 0}, "missing_lines": [], "excluded_lines": []}, "": {"executed_lines": [3, 6, 8, 12], "summary": {"covered_lines": 4, "num_statements": 4, "percent_covered": 100.0, "percent_covered_display": "100", "missing_lines": 0, "excluded_lines": 0}, "missing_lines": [], "excluded_lines": []}}}, "ai_companion/migrations/__init__.py": {"executed_lines": [0], "summary": {"covered_lines": 0, "num_statements": 0, "percent_covered": 100.0, "percent_covered_display": "100", "missing_lines": 0, "excluded_lines": 0}, "missing_lines": [], "excluded_lines": [], "functions": {"": {"executed_lines": [], "summary": {"covered_lines": 0, "num_statements": 0, "percent_covered": 100.0, "percent_covered_display": "100", "missing_lines": 0, "excluded_lines": 0}, "missing_lines": [], "excluded_lines": []}}, "classes": {"": {"executed_lines": [], "summary": {"covered_lines": 0, "num_statements": 0, "percent_covered": 100.0, "percent_covered_display": "100", "missing_lines": 0, "excluded_lines": 0}, "missing_lines": [], "excluded_lines": []}}}, "ai_companion/models.py": {"executed_lines": [1, 2, 3, 4, 7, 8, 10, 16, 17, 20, 28, 34, 38, 44, 48, 52, 59, 60, 62, 63, 64, 65, 66, 73, 74, 76, 77, 79, 81, 82, 84, 86, 87, 89, 91, 93, 94, 100, 102, 103, 105, 107, 111, 112, 113, 115, 117, 119, 120, 122, 124, 125, 127, 129, 130, 132, 138, 139, 141, 146, 155, 156, 159, 160, 163, 168, 175, 179, 184, 191, 196, 204, 209, 217, 222, 227, 234, 239, 245, 247, 248, 249, 250, 251, 260, 263, 264, 266, 268, 269, 271, 273, 274, 275, 276, 278, 280, 281, 282, 283, 286, 288, 289, 290, 292, 294, 295, 296, 298, 299, 300, 301, 302, 303, 305, 310, 311, 313, 314, 316, 317, 318, 319, 320, 321, 322, 323, 324, 325, 327, 329, 330, 332, 338, 339, 341, 348, 349, 352, 353, 354, 359, 366, 370, 380, 384, 388, 398, 399, 400, 402, 403, 404, 405, 406, 412, 415, 421], "summary": {"covered_lines": 155, "num_statements": 169, "percent_covered": 91.71597633136095, "percent_covered_display": "92", "missing_lines": 14, "excluded_lines": 0}, "missing_lines": [96, 97, 98, 134, 135, 261, 413, 417, 418, 419, 423, 424, 425, 426], "excluded_lines": [], "functions": {"Thread.__str__": {"executed_lines": [74], "summary": {"covered_lines": 1, "num_statements": 1, "percent_covered": 100.0, "percent_covered_display": "100", "missing_lines": 0, "excluded_lines": 0}, "missing_lines": [], "excluded_lines": []}, "Thread.message_count": {"executed_lines": [79], "summary": {"covered_lines": 1, "num_statements": 1, "percent_covered": 100.0, "percent_covered_display": "100", "missing_lines": 0, "excluded_lines": 0}, "missing_lines": [], "excluded_lines": []}, "Thread.last_message": {"executed_lines": [84], "summary": {"covered_lines": 1, "num_statements": 1, "percent_covered": 100.0, "percent_covered_display": "100", "missing_lines": 0, "excluded_lines": 0}, "missing_lines": [], "excluded_lines": []}, "Thread.total_messages": {"executed_lines": [89], "summary": {"covered_lines": 1, "num_statements": 1, "percent_covered": 100.0, "percent_covered_display": "100", "missing_lines": 0, "excluded_lines": 0}, "missing_lines": [], "excluded_lines": []}, "Thread.generate_title_from_first_message": {"executed_lines": [93, 94], "summary": {"covered_lines": 2, "num_statements": 5, "percent_covered": 40.0, "percent_covered_display": "40", "missing_lines": 3, "excluded_lines": 0}, "missing_lines": [96, 97, 98], "excluded_lines": []}, "Thread.update_analytics": {"executed_lines": [102, 103, 105, 107, 111, 112, 113, 115], "summary": {"covered_lines": 8, "num_statements": 8, "percent_covered": 100.0, "percent_covered_display": "100", "missing_lines": 0, "excluded_lines": 0}, "missing_lines": [], "excluded_lines": []}, "Thread.mark_as_favorite": {"executed_lines": [119, 120], "summary": {"covered_lines": 2, "num_statements": 2, "percent_covered": 100.0, "percent_covered_display": "100", "missing_lines": 0, "excluded_lines": 0}, "missing_lines": [], "excluded_lines": []}, "Thread.unmark_as_favorite": {"executed_lines": [124, 125], "summary": {"covered_lines": 2, "num_statements": 2, "percent_covered": 100.0, "percent_covered_display": "100", "missing_lines": 0, "excluded_lines": 0}, "missing_lines": [], "excluded_lines": []}, "Thread.archive": {"executed_lines": [129, 130], "summary": {"covered_lines": 2, "num_statements": 2, "percent_covered": 100.0, "percent_covered_display": "100", "missing_lines": 0, "excluded_lines": 0}, "missing_lines": [], "excluded_lines": []}, "Thread.unarchive": {"executed_lines": [], "summary": {"covered_lines": 0, "num_statements": 2, "percent_covered": 0.0, "percent_covered_display": "0", "missing_lines": 2, "excluded_lines": 0}, "missing_lines": [134, 135], "excluded_lines": []}, "Message.__str__": {"executed_lines": [], "summary": {"covered_lines": 0, "num_statements": 1, "percent_covered": 0.0, "percent_covered_display": "0", "missing_lines": 1, "excluded_lines": 0}, "missing_lines": [261], "excluded_lines": []}, "Message.save": {"executed_lines": [264, 266, 268, 269], "summary": {"covered_lines": 4, "num_statements": 4, "percent_covered": 100.0, "percent_covered_display": "100", "missing_lines": 0, "excluded_lines": 0}, "missing_lines": [], "excluded_lines": []}, "Message.mark_as_helpful": {"executed_lines": [273, 274, 275, 276], "summary": {"covered_lines": 4, "num_statements": 4, "percent_covered": 100.0, "percent_covered_display": "100", "missing_lines": 0, "excluded_lines": 0}, "missing_lines": [], "excluded_lines": []}, "Message.mark_as_unhelpful": {"executed_lines": [280, 281, 282, 283], "summary": {"covered_lines": 4, "num_statements": 4, "percent_covered": 100.0, "percent_covered_display": "100", "missing_lines": 0, "excluded_lines": 0}, "missing_lines": [], "excluded_lines": []}, "Message.select_for_qa": {"executed_lines": [288, 289, 290], "summary": {"covered_lines": 3, "num_statements": 3, "percent_covered": 100.0, "percent_covered_display": "100", "missing_lines": 0, "excluded_lines": 0}, "missing_lines": [], "excluded_lines": []}, "Message.complete_qa_review": {"executed_lines": [294, 295, 296, 298, 299, 300, 301, 302, 303, 305], "summary": {"covered_lines": 10, "num_statements": 10, "percent_covered": 100.0, "percent_covered_display": "100", "missing_lines": 0, "excluded_lines": 0}, "missing_lines": [], "excluded_lines": []}, "Message.qa_score_grade": {"executed_lines": [313, 314, 316, 317, 318, 319, 320, 321, 322, 323, 324, 325, 327], "summary": {"covered_lines": 13, "num_statements": 13, "percent_covered": 100.0, "percent_covered_display": "100", "missing_lines": 0, "excluded_lines": 0}, "missing_lines": [], "excluded_lines": []}, "Message.get_random_messages_for_qa": {"executed_lines": [332], "summary": {"covered_lines": 1, "num_statements": 1, "percent_covered": 100.0, "percent_covered_display": "100", "missing_lines": 0, "excluded_lines": 0}, "missing_lines": [], "excluded_lines": []}, "ThreadSuggestion.__str__": {"executed_lines": [], "summary": {"covered_lines": 0, "num_statements": 1, "percent_covered": 0.0, "percent_covered_display": "0", "missing_lines": 1, "excluded_lines": 0}, "missing_lines": [413], "excluded_lines": []}, "ThreadSuggestion.dismiss": {"executed_lines": [], "summary": {"covered_lines": 0, "num_statements": 3, "percent_covered": 0.0, "percent_covered_display": "0", "missing_lines": 3, "excluded_lines": 0}, "missing_lines": [417, 418, 419], "excluded_lines": []}, "ThreadSuggestion.mark_as_used": {"executed_lines": [], "summary": {"covered_lines": 0, "num_statements": 4, "percent_covered": 0.0, "percent_covered_display": "0", "missing_lines": 4, "excluded_lines": 0}, "missing_lines": [423, 424, 425, 426], "excluded_lines": []}, "": {"executed_lines": [1, 2, 3, 4, 7, 8, 10, 16, 17, 20, 28, 34, 38, 44, 48, 52, 59, 60, 62, 63, 64, 65, 66, 73, 76, 77, 81, 82, 86, 87, 91, 100, 117, 122, 127, 132, 138, 139, 141, 146, 155, 156, 159, 160, 163, 168, 175, 179, 184, 191, 196, 204, 209, 217, 222, 227, 234, 239, 245, 247, 248, 249, 250, 251, 260, 263, 271, 278, 286, 292, 310, 311, 329, 330, 338, 339, 341, 348, 349, 352, 353, 354, 359, 366, 370, 380, 384, 388, 398, 399, 400, 402, 403, 404, 405, 406, 412, 415, 421], "summary": {"covered_lines": 96, "num_statements": 96, "percent_covered": 100.0, "percent_covered_display": "100", "missing_lines": 0, "excluded_lines": 0}, "missing_lines": [], "excluded_lines": []}}, "classes": {"Thread": {"executed_lines": [74, 79, 84, 89, 93, 94, 102, 103, 105, 107, 111, 112, 113, 115, 119, 120, 124, 125, 129, 130], "summary": {"covered_lines": 20, "num_statements": 25, "percent_covered": 80.0, "percent_covered_display": "80", "missing_lines": 5, "excluded_lines": 0}, "missing_lines": [96, 97, 98, 134, 135], "excluded_lines": []}, "Thread.Meta": {"executed_lines": [], "summary": {"covered_lines": 0, "num_statements": 0, "percent_covered": 100.0, "percent_covered_display": "100", "missing_lines": 0, "excluded_lines": 0}, "missing_lines": [], "excluded_lines": []}, "Message": {"executed_lines": [264, 266, 268, 269, 273, 274, 275, 276, 280, 281, 282, 283, 288, 289, 290, 294, 295, 296, 298, 299, 300, 301, 302, 303, 305, 313, 314, 316, 317, 318, 319, 320, 321, 322, 323, 324, 325, 327, 332], "summary": {"covered_lines": 39, "num_statements": 40, "percent_covered": 97.5, "percent_covered_display": "98", "missing_lines": 1, "excluded_lines": 0}, "missing_lines": [261], "excluded_lines": []}, "Message.Meta": {"executed_lines": [], "summary": {"covered_lines": 0, "num_statements": 0, "percent_covered": 100.0, "percent_covered_display": "100", "missing_lines": 0, "excluded_lines": 0}, "missing_lines": [], "excluded_lines": []}, "ThreadSuggestion": {"executed_lines": [], "summary": {"covered_lines": 0, "num_statements": 8, "percent_covered": 0.0, "percent_covered_display": "0", "missing_lines": 8, "excluded_lines": 0}, "missing_lines": [413, 417, 418, 419, 423, 424, 425, 426], "excluded_lines": []}, "ThreadSuggestion.Meta": {"executed_lines": [], "summary": {"covered_lines": 0, "num_statements": 0, "percent_covered": 100.0, "percent_covered_display": "100", "missing_lines": 0, "excluded_lines": 0}, "missing_lines": [], "excluded_lines": []}, "": {"executed_lines": [1, 2, 3, 4, 7, 8, 10, 16, 17, 20, 28, 34, 38, 44, 48, 52, 59, 60, 62, 63, 64, 65, 66, 73, 76, 77, 81, 82, 86, 87, 91, 100, 117, 122, 127, 132, 138, 139, 141, 146, 155, 156, 159, 160, 163, 168, 175, 179, 184, 191, 196, 204, 209, 217, 222, 227, 234, 239, 245, 247, 248, 249, 250, 251, 260, 263, 271, 278, 286, 292, 310, 311, 329, 330, 338, 339, 341, 348, 349, 352, 353, 354, 359, 366, 370, 380, 384, 388, 398, 399, 400, 402, 403, 404, 405, 406, 412, 415, 421], "summary": {"covered_lines": 96, "num_statements": 96, "percent_covered": 100.0, "percent_covered_display": "100", "missing_lines": 0, "excluded_lines": 0}, "missing_lines": [], "excluded_lines": []}}}, "ai_companion/serializers.py": {"executed_lines": [1, 2, 3, 4, 7, 8, 10, 11, 12, 14, 15, 16, 30, 32, 34, 35, 37, 39, 42, 46, 48, 50, 53, 54, 56, 57, 58, 59, 60, 62, 63, 64, 79, 81, 83, 84, 86, 88, 91, 95, 98, 99, 101, 102, 103, 104, 106, 107, 108, 124, 130, 131, 133, 134, 135, 136, 138, 143, 144, 146, 147, 149, 151, 153, 156, 157, 159, 160, 161, 162, 164, 165, 170, 171, 173, 174, 175, 177, 179, 180, 182, 185, 187, 192, 193, 195, 196, 197, 198, 200, 201, 202, 218, 222, 236, 237, 239, 240, 241, 243, 255, 262, 263, 265, 266, 267, 274, 276, 277, 279, 282, 284, 289, 290, 292, 293, 298, 302, 308, 315, 317, 318, 320, 322, 326, 329, 333, 336, 337, 339, 340, 341, 342, 343, 344, 346, 347, 348, 374, 380, 381, 383, 384, 385, 386, 387, 388, 389, 391, 392, 393, 395, 396, 397, 398, 399, 400, 402, 403, 404, 406, 407, 408, 409, 410, 411, 412, 413, 415, 416, 417, 418, 419, 420], "summary": {"covered_lines": 161, "num_statements": 206, "percent_covered": 78.15533980582525, "percent_covered_display": "78", "missing_lines": 45, "excluded_lines": 0}, "missing_lines": [38, 40, 41, 43, 44, 87, 89, 90, 92, 93, 139, 140, 152, 183, 186, 188, 189, 224, 225, 227, 228, 229, 230, 231, 233, 245, 246, 247, 248, 249, 250, 251, 252, 253, 257, 258, 259, 280, 283, 285, 286, 321, 323, 324, 330], "excluded_lines": [], "functions": {"MessageSerializer.get_time_ago": {"executed_lines": [34, 35, 37, 39, 42, 46], "summary": {"covered_lines": 6, "num_statements": 11, "percent_covered": 54.54545454545455, "percent_covered_display": "55", "missing_lines": 5, "excluded_lines": 0}, "missing_lines": [38, 40, 41, 43, 44], "excluded_lines": []}, "MessageSerializer.get_can_react": {"executed_lines": [50], "summary": {"covered_lines": 1, "num_statements": 1, "percent_covered": 100.0, "percent_covered_display": "100", "missing_lines": 0, "excluded_lines": 0}, "missing_lines": [], "excluded_lines": []}, "ThreadListSerializer.get_time_ago": {"executed_lines": [83, 84, 86, 88, 91, 95], "summary": {"covered_lines": 6, "num_statements": 11, "percent_covered": 54.54545454545455, "percent_covered_display": "55", "missing_lines": 5, "excluded_lines": 0}, "missing_lines": [87, 89, 90, 92, 93], "excluded_lines": []}, "ThreadCreateSerializer.create": {"executed_lines": [], "summary": {"covered_lines": 0, "num_statements": 2, "percent_covered": 0.0, "percent_covered_display": "0", "missing_lines": 2, "excluded_lines": 0}, "missing_lines": [139, 140], "excluded_lines": []}, "ChatRequestSerializer.validate_message": {"executed_lines": [151, 153], "summary": {"covered_lines": 2, "num_statements": 3, "percent_covered": 66.66666666666667, "percent_covered_display": "67", "missing_lines": 1, "excluded_lines": 0}, "missing_lines": [152], "excluded_lines": []}, "MessageReactionSerializer.validate_message_id": {"executed_lines": [179, 180, 182, 185, 187], "summary": {"covered_lines": 5, "num_statements": 9, "percent_covered": 55.55555555555556, "percent_covered_display": "56", "missing_lines": 4, "excluded_lines": 0}, "missing_lines": [183, 186, 188, 189], "excluded_lines": []}, "ThreadSuggestionSerializer.get_time_ago": {"executed_lines": [], "summary": {"covered_lines": 0, "num_statements": 8, "percent_covered": 0.0, "percent_covered_display": "0", "missing_lines": 8, "excluded_lines": 0}, "missing_lines": [224, 225, 227, 228, 229, 230, 231, 233], "excluded_lines": []}, "SuggestionActionSerializer.validate_suggestion_id": {"executed_lines": [], "summary": {"covered_lines": 0, "num_statements": 9, "percent_covered": 0.0, "percent_covered_display": "0", "missing_lines": 9, "excluded_lines": 0}, "missing_lines": [245, 246, 247, 248, 249, 250, 251, 252, 253], "excluded_lines": []}, "SuggestionActionSerializer.validate": {"executed_lines": [], "summary": {"covered_lines": 0, "num_statements": 3, "percent_covered": 0.0, "percent_covered_display": "0", "missing_lines": 3, "excluded_lines": 0}, "missing_lines": [257, 258, 259], "excluded_lines": []}, "UserFeedbackSerializer.validate_message_id": {"executed_lines": [276, 277, 279, 282, 284], "summary": {"covered_lines": 5, "num_statements": 9, "percent_covered": 55.55555555555556, "percent_covered_display": "56", "missing_lines": 4, "excluded_lines": 0}, "missing_lines": [280, 283, 285, 286], "excluded_lines": []}, "QAFeedbackSerializer.validate_message_id": {"executed_lines": [317, 318, 320, 322], "summary": {"covered_lines": 4, "num_statements": 7, "percent_covered": 57.142857142857146, "percent_covered_display": "57", "missing_lines": 3, "excluded_lines": 0}, "missing_lines": [321, 323, 324], "excluded_lines": []}, "QAFeedbackSerializer.validate": {"executed_lines": [329, 333], "summary": {"covered_lines": 2, "num_statements": 3, "percent_covered": 66.66666666666667, "percent_covered_display": "67", "missing_lines": 1, "excluded_lines": 0}, "missing_lines": [330], "excluded_lines": []}, "": {"executed_lines": [1, 2, 3, 4, 7, 8, 10, 11, 12, 14, 15, 16, 30, 32, 48, 53, 54, 56, 57, 58, 59, 60, 62, 63, 64, 79, 81, 98, 99, 101, 102, 103, 104, 106, 107, 108, 124, 130, 131, 133, 134, 135, 136, 138, 143, 144, 146, 147, 149, 156, 157, 159, 160, 161, 162, 164, 165, 170, 171, 173, 174, 175, 177, 192, 193, 195, 196, 197, 198, 200, 201, 202, 218, 222, 236, 237, 239, 240, 241, 243, 255, 262, 263, 265, 266, 267, 274, 289, 290, 292, 293, 298, 302, 308, 315, 326, 336, 337, 339, 340, 341, 342, 343, 344, 346, 347, 348, 374, 380, 381, 383, 384, 385, 386, 387, 388, 389, 391, 392, 393, 395, 396, 397, 398, 399, 400, 402, 403, 404, 406, 407, 408, 409, 410, 411, 412, 413, 415, 416, 417, 418, 419, 420], "summary": {"covered_lines": 130, "num_statements": 130, "percent_covered": 100.0, "percent_covered_display": "100", "missing_lines": 0, "excluded_lines": 0}, "missing_lines": [], "excluded_lines": []}}, "classes": {"MessageSerializer": {"executed_lines": [34, 35, 37, 39, 42, 46, 50], "summary": {"covered_lines": 7, "num_statements": 12, "percent_covered": 58.333333333333336, "percent_covered_display": "58", "missing_lines": 5, "excluded_lines": 0}, "missing_lines": [38, 40, 41, 43, 44], "excluded_lines": []}, "MessageSerializer.Meta": {"executed_lines": [], "summary": {"covered_lines": 0, "num_statements": 0, "percent_covered": 100.0, "percent_covered_display": "100", "missing_lines": 0, "excluded_lines": 0}, "missing_lines": [], "excluded_lines": []}, "ThreadListSerializer": {"executed_lines": [83, 84, 86, 88, 91, 95], "summary": {"covered_lines": 6, "num_statements": 11, "percent_covered": 54.54545454545455, "percent_covered_display": "55", "missing_lines": 5, "excluded_lines": 0}, "missing_lines": [87, 89, 90, 92, 93], "excluded_lines": []}, "ThreadListSerializer.Meta": {"executed_lines": [], "summary": {"covered_lines": 0, "num_statements": 0, "percent_covered": 100.0, "percent_covered_display": "100", "missing_lines": 0, "excluded_lines": 0}, "missing_lines": [], "excluded_lines": []}, "ThreadDetailSerializer": {"executed_lines": [], "summary": {"covered_lines": 0, "num_statements": 0, "percent_covered": 100.0, "percent_covered_display": "100", "missing_lines": 0, "excluded_lines": 0}, "missing_lines": [], "excluded_lines": []}, "ThreadDetailSerializer.Meta": {"executed_lines": [], "summary": {"covered_lines": 0, "num_statements": 0, "percent_covered": 100.0, "percent_covered_display": "100", "missing_lines": 0, "excluded_lines": 0}, "missing_lines": [], "excluded_lines": []}, "ThreadCreateSerializer": {"executed_lines": [], "summary": {"covered_lines": 0, "num_statements": 2, "percent_covered": 0.0, "percent_covered_display": "0", "missing_lines": 2, "excluded_lines": 0}, "missing_lines": [139, 140], "excluded_lines": []}, "ThreadCreateSerializer.Meta": {"executed_lines": [], "summary": {"covered_lines": 0, "num_statements": 0, "percent_covered": 100.0, "percent_covered_display": "100", "missing_lines": 0, "excluded_lines": 0}, "missing_lines": [], "excluded_lines": []}, "ChatRequestSerializer": {"executed_lines": [151, 153], "summary": {"covered_lines": 2, "num_statements": 3, "percent_covered": 66.66666666666667, "percent_covered_display": "67", "missing_lines": 1, "excluded_lines": 0}, "missing_lines": [152], "excluded_lines": []}, "ChatResponseSerializer": {"executed_lines": [], "summary": {"covered_lines": 0, "num_statements": 0, "percent_covered": 100.0, "percent_covered_display": "100", "missing_lines": 0, "excluded_lines": 0}, "missing_lines": [], "excluded_lines": []}, "ChatResponseSerializer.Meta": {"executed_lines": [], "summary": {"covered_lines": 0, "num_statements": 0, "percent_covered": 100.0, "percent_covered_display": "100", "missing_lines": 0, "excluded_lines": 0}, "missing_lines": [], "excluded_lines": []}, "MessageReactionSerializer": {"executed_lines": [179, 180, 182, 185, 187], "summary": {"covered_lines": 5, "num_statements": 9, "percent_covered": 55.55555555555556, "percent_covered_display": "56", "missing_lines": 4, "excluded_lines": 0}, "missing_lines": [183, 186, 188, 189], "excluded_lines": []}, "ThreadSuggestionSerializer": {"executed_lines": [], "summary": {"covered_lines": 0, "num_statements": 8, "percent_covered": 0.0, "percent_covered_display": "0", "missing_lines": 8, "excluded_lines": 0}, "missing_lines": [224, 225, 227, 228, 229, 230, 231, 233], "excluded_lines": []}, "ThreadSuggestionSerializer.Meta": {"executed_lines": [], "summary": {"covered_lines": 0, "num_statements": 0, "percent_covered": 100.0, "percent_covered_display": "100", "missing_lines": 0, "excluded_lines": 0}, "missing_lines": [], "excluded_lines": []}, "SuggestionActionSerializer": {"executed_lines": [], "summary": {"covered_lines": 0, "num_statements": 12, "percent_covered": 0.0, "percent_covered_display": "0", "missing_lines": 12, "excluded_lines": 0}, "missing_lines": [245, 246, 247, 248, 249, 250, 251, 252, 253, 257, 258, 259], "excluded_lines": []}, "UserFeedbackSerializer": {"executed_lines": [276, 277, 279, 282, 284], "summary": {"covered_lines": 5, "num_statements": 9, "percent_covered": 55.55555555555556, "percent_covered_display": "56", "missing_lines": 4, "excluded_lines": 0}, "missing_lines": [280, 283, 285, 286], "excluded_lines": []}, "QAFeedbackSerializer": {"executed_lines": [317, 318, 320, 322, 329, 333], "summary": {"covered_lines": 6, "num_statements": 10, "percent_covered": 60.0, "percent_covered_display": "60", "missing_lines": 4, "excluded_lines": 0}, "missing_lines": [321, 323, 324, 330], "excluded_lines": []}, "MessageWithQASerializer": {"executed_lines": [], "summary": {"covered_lines": 0, "num_statements": 0, "percent_covered": 100.0, "percent_covered_display": "100", "missing_lines": 0, "excluded_lines": 0}, "missing_lines": [], "excluded_lines": []}, "MessageWithQASerializer.Meta": {"executed_lines": [], "summary": {"covered_lines": 0, "num_statements": 0, "percent_covered": 100.0, "percent_covered_display": "100", "missing_lines": 0, "excluded_lines": 0}, "missing_lines": [], "excluded_lines": []}, "QAStatsSerializer": {"executed_lines": [], "summary": {"covered_lines": 0, "num_statements": 0, "percent_covered": 100.0, "percent_covered_display": "100", "missing_lines": 0, "excluded_lines": 0}, "missing_lines": [], "excluded_lines": []}, "QAStatsSerializer.OverviewSerializer": {"executed_lines": [], "summary": {"covered_lines": 0, "num_statements": 0, "percent_covered": 100.0, "percent_covered_display": "100", "missing_lines": 0, "excluded_lines": 0}, "missing_lines": [], "excluded_lines": []}, "QAStatsSerializer.StatusBreakdownSerializer": {"executed_lines": [], "summary": {"covered_lines": 0, "num_statements": 0, "percent_covered": 100.0, "percent_covered_display": "100", "missing_lines": 0, "excluded_lines": 0}, "missing_lines": [], "excluded_lines": []}, "QAStatsSerializer.ScoreStatsSerializer": {"executed_lines": [], "summary": {"covered_lines": 0, "num_statements": 0, "percent_covered": 100.0, "percent_covered_display": "100", "missing_lines": 0, "excluded_lines": 0}, "missing_lines": [], "excluded_lines": []}, "QAStatsSerializer.ReviewerStatsSerializer": {"executed_lines": [], "summary": {"covered_lines": 0, "num_statements": 0, "percent_covered": 100.0, "percent_covered_display": "100", "missing_lines": 0, "excluded_lines": 0}, "missing_lines": [], "excluded_lines": []}, "QAStatsSerializer.RecentActivitySerializer": {"executed_lines": [], "summary": {"covered_lines": 0, "num_statements": 0, "percent_covered": 100.0, "percent_covered_display": "100", "missing_lines": 0, "excluded_lines": 0}, "missing_lines": [], "excluded_lines": []}, "": {"executed_lines": [1, 2, 3, 4, 7, 8, 10, 11, 12, 14, 15, 16, 30, 32, 48, 53, 54, 56, 57, 58, 59, 60, 62, 63, 64, 79, 81, 98, 99, 101, 102, 103, 104, 106, 107, 108, 124, 130, 131, 133, 134, 135, 136, 138, 143, 144, 146, 147, 149, 156, 157, 159, 160, 161, 162, 164, 165, 170, 171, 173, 174, 175, 177, 192, 193, 195, 196, 197, 198, 200, 201, 202, 218, 222, 236, 237, 239, 240, 241, 243, 255, 262, 263, 265, 266, 267, 274, 289, 290, 292, 293, 298, 302, 308, 315, 326, 336, 337, 339, 340, 341, 342, 343, 344, 346, 347, 348, 374, 380, 381, 383, 384, 385, 386, 387, 388, 389, 391, 392, 393, 395, 396, 397, 398, 399, 400, 402, 403, 404, 406, 407, 408, 409, 410, 411, 412, 413, 415, 416, 417, 418, 419, 420], "summary": {"covered_lines": 130, "num_statements": 130, "percent_covered": 100.0, "percent_covered_display": "100", "missing_lines": 0, "excluded_lines": 0}, "missing_lines": [], "excluded_lines": []}}}, "ai_companion/urls.py": {"executed_lines": [1, 2, 20, 22], "summary": {"covered_lines": 4, "num_statements": 4, "percent_covered": 100.0, "percent_covered_display": "100", "missing_lines": 0, "excluded_lines": 0}, "missing_lines": [], "excluded_lines": [], "functions": {"": {"executed_lines": [1, 2, 20, 22], "summary": {"covered_lines": 4, "num_statements": 4, "percent_covered": 100.0, "percent_covered_display": "100", "missing_lines": 0, "excluded_lines": 0}, "missing_lines": [], "excluded_lines": []}}, "classes": {"": {"executed_lines": [1, 2, 20, 22], "summary": {"covered_lines": 4, "num_statements": 4, "percent_covered": 100.0, "percent_covered_display": "100", "missing_lines": 0, "excluded_lines": 0}, "missing_lines": [], "excluded_lines": []}}}, "ai_companion/views.py": {"executed_lines": [1, 2, 3, 4, 5, 6, 7, 8, 9, 10, 11, 12, 13, 15, 16, 30, 33, 34, 37, 38, 39, 40, 49, 61, 62, 64, 65, 66, 67, 68, 69, 71, 72, 74, 76, 77, 80, 102, 103, 105, 106, 107, 109, 110, 113, 120, 121, 122, 125, 126, 129, 130, 133, 135, 136, 138, 145, 146, 147, 150, 162, 168, 175, 185, 188, 190, 193, 194, 195, 196, 202, 208, 211, 212, 214, 216, 219, 220, 221, 223, 224, 244, 257, 263, 264, 265, 268, 269, 272, 273, 274, 276, 277, 279, 280, 284, 298, 303, 304, 305, 308, 310, 311, 312, 314, 315, 317, 323, 328, 329, 330, 333, 335, 339, 340, 342, 348, 355, 356, 358, 359, 360, 361, 363, 371, 377, 378, 379, 434, 439, 440, 441, 494, 495, 496, 497, 501, 508, 509, 510, 511, 514, 515, 516, 517, 523, 524, 525, 526, 534, 535, 536, 537, 538, 541, 542, 543, 548, 549, 555, 559, 560, 561, 571, 587, 590, 591, 592, 593, 596, 597, 600, 601, 602, 604, 605, 608, 609, 613, 630, 631, 632, 633, 637, 638, 643, 644, 645, 647, 648, 649, 650, 651, 653, 654, 657, 665, 687, 688, 689, 690, 694, 701, 702, 703, 704, 707, 709, 710, 712, 713, 714, 717, 721, 724, 726, 732, 733, 734, 735, 739, 746, 747, 749, 751, 754, 757, 758, 759, 770, 776, 782, 788], "summary": {"covered_lines": 230, "num_statements": 288, "percent_covered": 79.86111111111111, "percent_covered_display": "80", "missing_lines": 58, "excluded_lines": 0}, "missing_lines": [42, 73, 127, 177, 178, 179, 233, 234, 235, 246, 247, 248, 270, 282, 291, 292, 336, 337, 364, 382, 383, 384, 386, 387, 389, 390, 392, 393, 394, 399, 401, 403, 410, 411, 418, 420, 427, 428, 444, 445, 446, 449, 450, 451, 453, 491, 502, 598, 611, 623, 624, 680, 681, 695, 715, 718, 750, 752], "excluded_lines": [], "functions": {"health": {"executed_lines": [], "summary": {"covered_lines": 0, "num_statements": 1, "percent_covered": 0.0, "percent_covered_display": "0", "missing_lines": 1, "excluded_lines": 0}, "missing_lines": [42], "excluded_lines": []}, "ThreadListView.get_serializer_class": {"executed_lines": [72, 74], "summary": {"covered_lines": 2, "num_statements": 3, "percent_covered": 66.66666666666667, "percent_covered_display": "67", "missing_lines": 1, "excluded_lines": 0}, "missing_lines": [73], "excluded_lines": []}, "ThreadListView.get_queryset": {"executed_lines": [77], "summary": {"covered_lines": 1, "num_statements": 1, "percent_covered": 100.0, "percent_covered_display": "100", "missing_lines": 0, "excluded_lines": 0}, "missing_lines": [], "excluded_lines": []}, "ThreadDetailView.get_queryset": {"executed_lines": [110], "summary": {"covered_lines": 1, "num_statements": 1, "percent_covered": 100.0, "percent_covered_display": "100", "missing_lines": 0, "excluded_lines": 0}, "missing_lines": [], "excluded_lines": []}, "chat": {"executed_lines": [125, 126, 129, 130, 133, 135, 136, 138, 145, 146, 147, 150, 162, 168, 175], "summary": {"covered_lines": 15, "num_statements": 19, "percent_covered": 78.94736842105263, "percent_covered_display": "79", "missing_lines": 4, "excluded_lines": 0}, "missing_lines": [127, 177, 178, 179], "excluded_lines": []}, "get_ai_response": {"executed_lines": [188, 190, 193, 194, 195, 196, 202, 208, 211, 212, 214, 216, 219, 220, 221, 223, 224, 244], "summary": {"covered_lines": 18, "num_statements": 24, "percent_covered": 75.0, "percent_covered_display": "75", "missing_lines": 6, "excluded_lines": 0}, "missing_lines": [233, 234, 235, 246, 247, 248], "excluded_lines": []}, "react_to_message": {"executed_lines": [268, 269, 272, 273, 274, 276, 277, 279, 280, 284], "summary": {"covered_lines": 10, "num_statements": 14, "percent_covered": 71.42857142857143, "percent_covered_display": "71", "missing_lines": 4, "excluded_lines": 0}, "missing_lines": [270, 282, 291, 292], "excluded_lines": []}, "toggle_favorite": {"executed_lines": [308, 310, 311, 312, 314, 315, 317], "summary": {"covered_lines": 7, "num_statements": 7, "percent_covered": 100.0, "percent_covered_display": "100", "missing_lines": 0, "excluded_lines": 0}, "missing_lines": [], "excluded_lines": []}, "toggle_archive": {"executed_lines": [333, 335, 339, 340, 342], "summary": {"covered_lines": 5, "num_statements": 7, "percent_covered": 71.42857142857143, "percent_covered_display": "71", "missing_lines": 2, "excluded_lines": 0}, "missing_lines": [336, 337], "excluded_lines": []}, "ThreadSuggestionListView.get_queryset": {"executed_lines": [], "summary": {"covered_lines": 0, "num_statements": 1, "percent_covered": 0.0, "percent_covered_display": "0", "missing_lines": 1, "excluded_lines": 0}, "missing_lines": [364], "excluded_lines": []}, "handle_suggestion": {"executed_lines": [], "summary": {"covered_lines": 0, "num_statements": 19, "percent_covered": 0.0, "percent_covered_display": "0", "missing_lines": 19, "excluded_lines": 0}, "missing_lines": [382, 383, 384, 386, 387, 389, 390, 392, 393, 394, 399, 401, 403, 410, 411, 418, 420, 427, 428], "excluded_lines": []}, "stats": {"executed_lines": [], "summary": {"covered_lines": 0, "num_statements": 8, "percent_covered": 0.0, "percent_covered_display": "0", "missing_lines": 8, "excluded_lines": 0}, "missing_lines": [444, 445, 446, 449, 450, 451, 453, 491], "excluded_lines": []}, "qa_stats": {"executed_lines": [501, 508, 509, 510, 511, 514, 515, 516, 517, 523, 524, 525, 526, 534, 535, 536, 537, 538, 541, 542, 543, 548, 549, 555, 559, 560, 561, 571, 587], "summary": {"covered_lines": 29, "num_statements": 30, "percent_covered": 96.66666666666667, "percent_covered_display": "97", "missing_lines": 1, "excluded_lines": 0}, "missing_lines": [502], "excluded_lines": []}, "submit_user_feedback": {"executed_lines": [596, 597, 600, 601, 602, 604, 605, 608, 609, 613], "summary": {"covered_lines": 10, "num_statements": 14, "percent_covered": 71.42857142857143, "percent_covered_display": "71", "missing_lines": 4, "excluded_lines": 0}, "missing_lines": [598, 611, 623, 624], "excluded_lines": []}, "submit_qa_feedback": {"executed_lines": [637, 638, 643, 644, 645, 647, 648, 649, 650, 651, 653, 654, 657, 665], "summary": {"covered_lines": 14, "num_statements": 16, "percent_covered": 87.5, "percent_covered_display": "88", "missing_lines": 2, "excluded_lines": 0}, "missing_lines": [680, 681], "excluded_lines": []}, "get_qa_messages": {"executed_lines": [694, 701, 702, 703, 704, 707, 709, 710, 712, 713, 714, 717, 721, 724, 726], "summary": {"covered_lines": 15, "num_statements": 18, "percent_covered": 83.33333333333333, "percent_covered_display": "83", "missing_lines": 3, "excluded_lines": 0}, "missing_lines": [695, 715, 718], "excluded_lines": []}, "get_user_feedback_history": {"executed_lines": [739, 746, 747, 749, 751, 754, 757, 758, 759, 770, 776, 782, 788], "summary": {"covered_lines": 13, "num_statements": 15, "percent_covered": 86.66666666666667, "percent_covered_display": "87", "missing_lines": 2, "excluded_lines": 0}, "missing_lines": [750, 752], "excluded_lines": []}, "": {"executed_lines": [1, 2, 3, 4, 5, 6, 7, 8, 9, 10, 11, 12, 13, 15, 16, 30, 33, 34, 37, 38, 39, 40, 49, 61, 62, 64, 65, 66, 67, 68, 69, 71, 76, 80, 102, 103, 105, 106, 107, 109, 113, 120, 121, 122, 185, 257, 263, 264, 265, 298, 303, 304, 305, 323, 328, 329, 330, 348, 355, 356, 358, 359, 360, 361, 363, 371, 377, 378, 379, 434, 439, 440, 441, 494, 495, 496, 497, 590, 591, 592, 593, 630, 631, 632, 633, 687, 688, 689, 690, 732, 733, 734, 735], "summary": {"covered_lines": 90, "num_statements": 90, "percent_covered": 100.0, "percent_covered_display": "100", "missing_lines": 0, "excluded_lines": 0}, "missing_lines": [], "excluded_lines": []}}, "classes": {"ThreadListView": {"executed_lines": [72, 74, 77], "summary": {"covered_lines": 3, "num_statements": 4, "percent_covered": 75.0, "percent_covered_display": "75", "missing_lines": 1, "excluded_lines": 0}, "missing_lines": [73], "excluded_lines": []}, "ThreadDetailView": {"executed_lines": [110], "summary": {"covered_lines": 1, "num_statements": 1, "percent_covered": 100.0, "percent_covered_display": "100", "missing_lines": 0, "excluded_lines": 0}, "missing_lines": [], "excluded_lines": []}, "ThreadSuggestionListView": {"executed_lines": [], "summary": {"covered_lines": 0, "num_statements": 1, "percent_covered": 0.0, "percent_covered_display": "0", "missing_lines": 1, "excluded_lines": 0}, "missing_lines": [364], "excluded_lines": []}, "":
[...]
cluded_lines": [], "functions": {"": {"executed_lines": [1], "summary": {"covered_lines": 1, "num_statements": 1, "percent_covered": 100.0, "percent_covered_display": "100", "missing_lines": 0, "excluded_lines": 0}, "missing_lines": [], "excluded_lines": []}}, "classes": {"": {"executed_lines": [1], "summary": {"covered_lines": 1, "num_statements": 1, "percent_covered": 100.0, "percent_covered_display": "100", "missing_lines": 0, "excluded_lines": 0}, "missing_lines": [], "excluded_lines": []}}}, "tests/performance/__init__.py": {"executed_lines": [1], "summary": {"covered_lines": 0, "num_statements": 0, "percent_covered": 100.0, "percent_covered_display": "100", "missing_lines": 0, "excluded_lines": 0}, "missing_lines": [], "excluded_lines": [], "functions": {"": {"executed_lines": [1], "summary": {"covered_lines": 0, "num_statements": 0, "percent_covered": 100.0, "percent_covered_display": "100", "missing_lines": 0, "excluded_lines": 0}, "missing_lines": [], "excluded_lines": []}}, "classes": {"": {"executed_lines": [1], "summary": {"covered_lines": 0, "num_statements": 0, "percent_covered": 100.0, "percent_covered_display": "100", "missing_lines": 0, "excluded_lines": 0}, "missing_lines": [], "excluded_lines": []}}}, "tests/performance/test_api_performance.py": {"executed_lines": [1, 11, 12, 13, 14, 15, 16, 17, 18, 20, 23, 24, 26, 27, 28, 33, 35, 37, 39, 40, 42, 43, 44, 46, 47, 51, 52, 55, 57, 58, 59, 61, 68, 70, 72, 74, 75, 76, 77, 80, 81, 83, 85, 86, 92, 94, 95, 96, 97, 100, 101, 104, 105, 107, 109, 112, 113, 114, 119, 122, 125, 126, 127, 132, 133, 134, 136, 137, 138, 139, 142, 144, 148, 149, 150, 155, 158, 159, 160, 161, 162, 165, 166, 167, 168, 171, 172, 175, 177, 178, 179, 180, 183, 186, 187, 190, 191, 193, 195, 196, 199, 202, 205, 206, 207, 212, 215, 216, 217, 220, 221, 223, 225, 226, 227, 228, 229, 233, 236, 237, 239, 243, 250, 252, 253, 256, 257, 258, 261, 263, 264, 266, 267, 269, 270, 271, 272, 275, 276], "summary": {"covered_lines": 134, "num_statements": 137, "percent_covered": 97.81021897810218, "percent_covered_display": "98", "missing_lines": 3, "excluded_lines": 0}, "missing_lines": [45, 48, 49], "excluded_lines": [], "functions": {"APIPerformanceTest.setUp": {"executed_lines": [27, 28, 33], "summary": {"covered_lines": 3, "num_statements": 3, "percent_covered": 100.0, "percent_covered_display": "100", "missing_lines": 0, "excluded_lines": 0}, "missing_lines": [], "excluded_lines": []}, "APIPerformanceTest.measure_response_time": {"executed_lines": [37, 39, 40, 42, 43, 44, 46, 47, 51, 52, 55, 57, 58, 59, 61], "summary": {"covered_lines": 15, "num_statements": 18, "percent_covered": 83.33333333333333, "percent_covered_display": "83", "missing_lines": 3, "excluded_lines": 0}, "missing_lines": [45, 48, 49], "excluded_lines": []}, "APIPerformanceTest.test_profile_get_performance": {"executed_lines": [70, 72, 74, 75, 76, 77, 80, 81], "summary": {"covered_lines": 8, "num_statements": 8, "percent_covered": 100.0, "percent_covered_display": "100", "missing_lines": 0, "excluded_lines": 0}, "missing_lines": [], "excluded_lines": []}, "APIPerformanceTest.test_profile_update_performance": {"executed_lines": [85, 86, 92, 94, 95, 96, 97, 100, 101], "summary": {"covered_lines": 9, "num_statements": 9, "percent_covered": 100.0, "percent_covered_display": "100", "missing_lines": 0, "excluded_lines": 0}, "missing_lines": [], "excluded_lines": []}, "DatabasePerformanceTest.test_bulk_user_creation_performance": {"executed_lines": [109, 112, 113, 114, 119, 122, 125, 126, 127, 132, 133, 134, 136, 137, 138, 139, 142], "summary": {"covered_lines": 17, "num_statements": 17, "percent_covered": 100.0, "percent_covered_display": "100", "missing_lines": 0, "excluded_lines": 0}, "missing_lines": [], "excluded_lines": []}, "DatabasePerformanceTest.test_profile_query_performance": {"executed_lines": [148, 149, 150, 155, 158, 159, 160, 161, 162, 165, 166, 167, 168, 171, 172, 175, 177, 178, 179, 180, 183, 186, 187], "summary": {"covered_lines": 23, "num_statements": 23, "percent_covered": 100.0, "percent_covered_display": "100", "missing_lines": 0, "excluded_lines": 0}, "missing_lines": [], "excluded_lines": []}, "MemoryPerformanceTest.test_profile_memory_usage": {"executed_lines": [195, 196, 199, 202, 205, 206, 207, 212, 215, 216, 217, 220, 221, 223, 225, 226, 227, 228, 229, 233], "summary": {"covered_lines": 20, "num_statements": 20, "percent_covered": 100.0, "percent_covered_display": "100", "missing_lines": 0, "excluded_lines": 0}, "missing_lines": [], "excluded_lines": []}, "ConcurrencyPerformanceTest.test_concurrent_profile_access": {"executed_lines": [243, 250, 252, 253, 256, 257, 258, 261, 263, 264, 266, 267, 269, 270, 271, 272, 275, 276], "summary": {"covered_lines": 18, "num_statements": 18, "percent_covered": 100.0, "percent_covered_display": "100", "missing_lines": 0, "excluded_lines": 0}, "missing_lines": [], "excluded_lines": []}, "": {"executed_lines": [1, 11, 12, 13, 14, 15, 16, 17, 18, 20, 23, 24, 26, 35, 68, 83, 104, 105, 107, 144, 190, 191, 193, 236, 237, 239], "summary": {"covered_lines": 21, "num_statements": 21, "percent_covered": 100.0, "percent_covered_display": "100", "missing_lines": 0, "excluded_lines": 0}, "missing_lines": [], "excluded_lines": []}}, "classes": {"APIPerformanceTest": {"executed_lines": [27, 28, 33, 37, 39, 40, 42, 43, 44, 46, 47, 51, 52, 55, 57, 58, 59, 61, 70, 72, 74, 75, 76, 77, 80, 81, 85, 86, 92, 94, 95, 96, 97, 100, 101], "summary": {"covered_lines": 35, "num_statements": 38, "percent_covered": 92.10526315789474, "percent_covered_display": "92", "missing_lines": 3, "excluded_lines": 0}, "missing_lines": [45, 48, 49], "excluded_lines": []}, "DatabasePerformanceTest": {"executed_lines": [109, 112, 113, 114, 119, 122, 125, 126, 127, 132, 133, 134, 136, 137, 138, 139, 142, 148, 149, 150, 155, 158, 159, 160, 161, 162, 165, 166, 167, 168, 171, 172, 175, 177, 178, 179, 180, 183, 186, 187], "summary": {"covered_lines": 40, "num_statements": 40, "percent_covered": 100.0, "percent_covered_display": "100", "missing_lines": 0, "excluded_lines": 0}, "missing_lines": [], "excluded_lines": []}, "MemoryPerformanceTest": {"executed_lines": [195, 196, 199, 202, 205, 206, 207, 212, 215, 216, 217, 220, 221, 223, 225, 226, 227, 228, 229, 233], "summary": {"covered_lines": 20, "num_statements": 20, "percent_covered": 100.0, "percent_covered_display": "100", "missing_lines": 0, "excluded_lines": 0}, "missing_lines": [], "excluded_lines": []}, "ConcurrencyPerformanceTest": {"executed_lines": [243, 250, 252, 253, 256, 257, 258, 261, 263, 264, 266, 267, 269, 270, 271, 272, 275, 276], "summary": {"covered_lines": 18, "num_statements": 18, "percent_covered": 100.0, "percent_covered_display": "100", "missing_lines": 0, "excluded_lines": 0}, "missing_lines": [], "excluded_lines": []}, "": {"executed_lines": [1, 11, 12, 13, 14, 15, 16, 17, 18, 20, 23, 24, 26, 35, 68, 83, 104, 105, 107, 144, 190, 191, 193, 236, 237, 239], "summary": {"covered_lines": 21, "num_statements": 21, "percent_covered": 100.0, "percent_covered_display": "100", "missing_lines": 0, "excluded_lines": 0}, "missing_lines": [], "excluded_lines": []}}}, "tests/smart_journal/__init__.py": {"executed_lines": [1], "summary": {"covered_lines": 0, "num_statements": 0, "percent_covered": 100.0, "percent_covered_display": "100", "missing_lines": 0, "excluded_lines": 0}, "missing_lines": [], "excluded_lines": [], "functions": {"": {"executed_lines": [1], "summary": {"covered_lines": 0, "num_statements": 0, "percent_covered": 100.0, "percent_covered_display": "100", "missing_lines": 0, "excluded_lines": 0}, "missing_lines": [], "excluded_lines": []}}, "classes": {"": {"executed_lines": [1], "summary": {"covered_lines": 0, "num_statements": 0, "percent_covered": 100.0, "percent_covered_display": "100", "missing_lines": 0, "excluded_lines": 0}, "missing_lines": [], "excluded_lines": []}}}, "tests/smart_journal/test_models.py": {"executed_lines": [1], "summary": {"covered_lines": 1, "num_statements": 1, "percent_covered": 100.0, "percent_covered_display": "100", "missing_lines": 0, "excluded_lines": 0}, "missing_lines": [], "excluded_lines": [], "functions": {"": {"executed_lines": [1], "summary": {"covered_lines": 1, "num_statements": 1, "percent_covered": 100.0, "percent_covered_display": "100", "missing_lines": 0, "excluded_lines": 0}, "missing_lines": [], "excluded_lines": []}}, "classes": {"": {"executed_lines": [1], "summary": {"covered_lines": 1, "num_statements": 1, "percent_covered": 100.0, "percent_covered_display": "100", "missing_lines": 0, "excluded_lines": 0}, "missing_lines": [], "excluded_lines": []}}}, "tests/test_runner.py": {"executed_lines": [2, 17, 18, 19, 20, 21, 22, 23, 24, 25, 28, 29, 31, 53, 59, 94, 128, 142, 178, 205, 257], "summary": {"covered_lines": 19, "num_statements": 133, "percent_covered": 14.285714285714286, "percent_covered_display": "14", "missing_lines": 114, "excluded_lines": 0}, "missing_lines": [32, 43, 50, 51, 55, 56, 57, 61, 62, 63, 65, 67, 69, 76, 78, 80, 81, 82, 84, 85, 86, 87, 89, 90, 91, 92, 96, 97, 98, 100, 102, 103, 110, 112, 114, 115, 116, 118, 119, 120, 121, 123, 124, 125, 126, 130, 131, 132, 135, 136, 139, 140, 144, 145, 146, 148, 150, 153, 159, 161, 162, 165, 166, 169, 170, 173, 175, 176, 180, 182, 183, 184, 186, 187, 188, 190, 191, 193, 194, 195, 196, 197, 199, 200, 202, 207, 208, 210, 212, 213, 214, 215, 217, 220, 231, 232, 234, 235, 236, 237, 238, 239, 240, 241, 242, 243, 244, 246, 247, 248, 249, 251, 254, 258], "excluded_lines": [], "functions": {"CentralizedTestRunner.__init__": {"executed_lines": [], "summary": {"covered_lines": 0, "num_statements": 4, "percent_covered": 0.0, "percent_covered_display": "0", "missing_lines": 4, "excluded_lines": 0}, "missing_lines": [32, 43, 50, 51], "excluded_lines": []}, "CentralizedTestRunner.setup_django": {"executed_lines": [], "summary": {"covered_lines": 0, "num_statements": 3, "percent_covered": 0.0, "percent_covered_display": "0", "missing_lines": 3, "excluded_lines": 0}, "missing_lines": [55, 56, 57], "excluded_lines": []}, "CentralizedTestRunner.run_app_tests": {"executed_lines": [], "summary": {"covered_lines": 0, "num_statements": 19, "percent_covered": 0.0, "percent_covered_display": "0", "missing_lines": 19, "excluded_lines": 0}, "missing_lines": [61, 62, 63, 65, 67, 69, 76, 78, 80, 81, 82, 84, 85, 86, 87, 89, 90, 91, 92], "excluded_lines": []}, "CentralizedTestRunner.run_type_tests": {"executed_lines": [], "summary": {"covered_lines": 0, "num_statements": 19, "percent_covered": 0.0, "percent_covered_display": "0", "missing_lines": 19, "excluded_lines": 0}, "missing_lines": [96, 97, 98, 100, 102, 103, 110, 112, 114, 115, 116, 118, 119, 120, 121, 123, 124, 125, 126], "excluded_lines": []}, "CentralizedTestRunner.run_all_tests": {"executed_lines": [], "summary": {"covered_lines": 0, "num_statements": 7, "percent_covered": 0.0, "percent_covered_display": "0", "missing_lines": 7, "excluded_lines": 0}, "missing_lines": [130, 131, 132, 135, 136, 139, 140], "excluded_lines": []}, "CentralizedTestRunner.run_coverage_tests": {"executed_lines": [], "summary": {"covered_lines": 0, "num_statements": 16, "percent_covered": 0.0, "percent_covered_display": "0", "missing_lines": 16, "excluded_lines": 0}, "missing_lines": [144, 145, 146, 148, 150, 153, 159, 161, 162, 165, 166, 169, 170, 173, 175, 176], "excluded_lines": []}, "CentralizedTestRunner.print_summary": {"executed_lines": [], "summary": {"covered_lines": 0, "num_statements": 17, "percent_covered": 0.0, "percent_covered_display": "0", "missing_lines": 17, "excluded_lines": 0}, "missing_lines": [180, 182, 183, 184, 186, 187, 188, 190, 191, 193, 194, 195, 196, 197, 199, 200, 202], "excluded_lines": []}, "main": {"executed_lines": [], "summary": {"covered_lines": 0, "num_statements": 28, "percent_covered": 0.0, "percent_covered_display": "0", "missing_lines": 28, "excluded_lines": 0}, "missing_lines": [207, 208, 210, 212, 213, 214, 215, 217, 220, 231, 232, 234, 235, 236, 237, 238, 239, 240, 241, 242, 243, 244, 246, 247, 248, 249, 251, 254], "excluded_lines": []}, "": {"executed_lines": [2, 17, 18, 19, 20, 21, 22, 23, 24, 25, 28, 29, 31, 53, 59, 94, 128, 142, 178, 205, 257], "summary": {"covered_lines": 19, "num_statements": 20, "percent_covered": 95.0, "percent_covered_display": "95", "missing_lines": 1, "excluded_lines": 0}, "missing_lines": [258], "excluded_lines": []}}, "classes": {"CentralizedTestRunner": {"executed_lines": [], "summary": {"covered_lines": 0, "num_statements": 85, "percent_covered": 0.0, "percent_covered_display": "0", "missing_lines": 85, "excluded_lines": 0}, "missing_lines": [32, 43, 50, 51, 55, 56, 57, 61, 62, 63, 65, 67, 69, 76, 78, 80, 81, 82, 84, 85, 86, 87, 89, 90, 91, 92, 96, 97, 98, 100, 102, 103, 110, 112, 114, 115, 116, 118, 119, 120, 121, 123, 124, 125, 126, 130, 131, 132, 135, 136, 139, 140, 144, 145, 146, 148, 150, 153, 159, 161, 162, 165, 166, 169, 170, 173, 175, 176, 180, 182, 183, 184, 186, 187, 188, 190, 191, 193, 194, 195, 196, 197, 199, 200, 202], "excluded_lines": []}, "": {"executed_lines": [2, 17, 18, 19, 20, 21, 22, 23, 24, 25, 28, 29, 31, 53, 59, 94, 128, 142, 178, 205, 257], "summary": {"covered_lines": 19, "num_statements": 48, "percent_covered": 39.583333333333336, "percent_covered_display": "40", "missing_lines": 29, "excluded_lines": 0}, "missing_lines": [207, 208, 210, 212, 213, 214, 215, 217, 220, 231, 232, 234, 235, 236, 237, 238, 239, 240, 241, 242, 243, 244, 246, 247, 248, 249, 251, 254, 258], "excluded_lines": []}}}, "tests/test_strategy.py": {"executed_lines": [1], "summary": {"covered_lines": 0, "num_statements": 0, "percent_covered": 100.0, "percent_covered_display": "100", "missing_lines": 0, "excluded_lines": 0}, "missing_lines": [], "excluded_lines": [], "functions": {"": {"executed_lines": [1], "summary": {"covered_lines": 0, "num_statements": 0, "percent_covered": 100.0, "percent_covered_display": "100", "missing_lines": 0, "excluded_lines": 0}, "missing_lines": [], "excluded_lines": []}}, "classes": {"": {"executed_lines": [1], "summary": {"covered_lines": 0, "num_statements": 0, "percent_covered": 100.0, "percent_covered_display": "100", "missing_lines": 0, "excluded_lines": 0}, "missing_lines": [], "excluded_lines": []}}}, "tests/unit/__init__.py": {"executed_lines": [1], "summary": {"covered_lines": 0, "num_statements": 0, "percent_covered": 100.0, "percent_covered_display": "100", "missing_lines": 0, "excluded_lines": 0}, "missing_lines": [], "excluded_lines": [], "functions": {"": {"executed_lines": [1], "summary": {"covered_lines": 0, "num_statements": 0, "percent_covered": 100.0, "percent_covered_display": "100", "missing_lines": 0, "excluded_lines": 0}, "missing_lines": [], "excluded_lines": []}}, "classes": {"": {"executed_lines": [1], "summary": {"covered_lines": 0, "num_statements": 0, "percent_covered": 100.0, "percent_covered_display": "100", "missing_lines": 0, "excluded_lines": 0}, "missing_lines": [], "excluded_lines": []}}}, "validate_migration.py": {"executed_lines": [], "summary": {"covered_lines": 0, "num_statements": 136, "percent_covered": 0.0, "percent_covered_display": "0", "missing_lines": 136, "excluded_lines": 0}, "missing_lines": [15, 16, 17, 18, 19, 22, 24, 25, 28, 30, 32, 33, 35, 56, 57, 58, 59, 60, 62, 64, 65, 66, 67, 68, 70, 71, 74, 76, 78, 90, 91, 92, 93, 94, 95, 96, 97, 99, 100, 101, 102, 103, 105, 106, 109, 111, 113, 114, 115, 118, 119, 122, 123, 125, 127, 128, 129, 131, 132, 134, 135, 136, 139, 141, 143, 144, 145, 148, 149, 150, 155, 156, 159, 160, 161, 162, 164, 165, 166, 168, 169, 171, 172, 173, 176, 178, 180, 181, 195, 196, 197, 198, 199, 201, 202, 203, 204, 205, 207, 209, 212, 214, 215, 218, 221, 228, 229, 230, 231, 232, 233, 234, 235, 238, 241, 242, 243, 245, 246, 248, 249, 250, 252, 254, 255, 256, 257, 258, 259, 260, 262, 263, 265, 268, 269, 270], "excluded_lines": [], "functions": {"setup_django": {"executed_lines": [], "summary": {"covered_lines": 0, "num_statements": 2, "percent_covered": 0.0, "percent_covered_display": "0", "missing_lines": 2, "excluded_lines": 0}, "missing_lines": [24, 25], "excluded_lines": []}, "validate_file_structure": {"executed_lines": [], "summary": {"covered_lines": 0, "num_statements": 17, "percent_covered": 0.0, "percent_covered_display": "0", "missing_lines": 17, "excluded_lines": 0}, "missing_lines": [30, 32, 33, 35, 56, 57, 58, 59, 60, 62, 64, 65, 66, 67, 68, 70, 71], "excluded_lines": []}, "validate_imports": {"executed_lines": [], "summary": {"covered_lines": 0, "num_statements": 17, "percent_covered": 0.0, "percent_covered_display": "0", "missing_lines": 17, "excluded_lines": 0}, "missing_lines": [76, 78, 90, 91, 92, 93, 94, 95, 96, 97, 99, 100, 101, 102, 103, 105, 106], "excluded_lines": []}, "validate_django_discovery": {"executed_lines": [], "summary": {"covered_lines": 0, "num_statements": 17, "percent_covered": 0.0, "percent_covered_display": "0", "missing_lines": 17, "excluded_lines": 0}, "missing_lines": [111, 113, 114, 115, 118, 119, 122, 123, 125, 127, 128, 129, 131, 132, 134, 135, 136], "excluded_lines": []}, "run_sample_test": {"executed_lines": [], "summary": {"covered_lines": 0, "num_statements": 18, "percent_covered": 0.0, "percent_covered_display": "0", "missing_lines": 18, "excluded_lines": 0}, "missing_lines": [141, 143, 144, 145, 148, 149, 159, 160, 161, 162, 164, 165, 166, 168, 169, 171, 172, 173], "excluded_lines": []}, "run_sample_test.ValidationTest.test_user_creation": {"executed_lines": [], "summary": {"covered_lines": 0, "num_statements": 3, "percent_covered": 0.0, "percent_covered_display": "0", "missing_lines": 3, "excluded_lines": 0}, "missing_lines": [150, 155, 156], "excluded_lines": []}, "check_old_files": {"executed_lines": [], "summary": {"covered_lines": 0, "num_statements": 15, "percent_covered": 0.0, "percent_covered_display": "0", "missing_lines": 15, "excluded_lines": 0}, "missing_lines": [178, 180, 181, 195, 196, 197, 198, 199, 201, 202, 203, 204, 205, 207, 209], "excluded_lines": []}, "main": {"executed_lines": [], "summary": {"covered_lines": 0, "num_statements": 32, "percent_covered": 0.0, "percent_covered_display": "0", "missing_lines": 32, "excluded_lines": 0}, "missing_lines": [214, 215, 218, 221, 228, 229, 230, 231, 232, 233, 234, 235, 238, 241, 242, 243, 245, 246, 248, 249, 250, 252, 254, 255, 256, 257, 258, 259, 260, 262, 263, 265], "excluded_lines": []}, "": {"executed_lines": [], "summary": {"covered_lines": 0, "num_statements": 15, "percent_covered": 0.0, "percent_covered_display": "0", "missing_lines": 15, "excluded_lines": 0}, "missing_lines": [15, 16, 17, 18, 19, 22, 28, 74, 109, 139, 176, 212, 268, 269, 270], "excluded_lines": []}}, "classes": {"run_sample_test.ValidationTest": {"executed_lines": [], "summary": {"covered_lines": 0, "num_statements": 3, "percent_covered": 0.0, "percent_covered_display": "0", "missing_lines": 3, "excluded_lines": 0}, "missing_lines": [150, 155, 156], "excluded_lines": []}, "": {"executed_lines": [], "summary": {"covered_lines": 0, "num_statements": 133, "percent_covered": 0.0, "percent_covered_display": "0", "missing_lines": 133, "excluded_lines": 0}, "missing_lines": [15, 16, 17, 18, 19, 22, 24, 25, 28, 30, 32, 33, 35, 56, 57, 58, 59, 60, 62, 64, 65, 66, 67, 68, 70, 71, 74, 76, 78, 90, 91, 92, 93, 94, 95, 96, 97, 99, 100, 101, 102, 103, 105, 106, 109, 111, 113, 114, 115, 118, 119, 122, 123, 125, 127, 128, 129, 131, 132, 134, 135, 136, 139, 141, 143, 144, 145, 148, 149, 159, 160, 161, 162, 164, 165, 166, 168, 169, 171, 172, 173, 176, 178, 180, 181, 195, 196, 197, 198, 199, 201, 202, 203, 204, 205, 207, 209, 212, 214, 215, 218, 221, 228, 229, 230, 231, 232, 233, 234, 235, 238, 241, 242, 243, 245, 246, 248, 249, 250, 252, 254, 255, 256, 257, 258, 259, 260, 262, 263, 265, 268, 269, 270], "excluded_lines": []}}}}, "totals": {"covered_lines": 4467, "num_statements": 8343, "percent_covered": 53.541891405969075, "percent_covered_display": "54", "missing_lines": 3876, "excluded_lines": 0}}